2026-05-17 14:07:17,723 - INFO - =====================================
2026-05-17 14:07:17,723 - INFO - Start Test
2026-05-17 14:07:17,723 - INFO - Reading Configuration
2026-05-17 14:07:17,723 - INFO - Browser from config: 'edge'
2026-05-17 14:07:17,723 - INFO - Browser from config:https://www.bigbasket.com/
2026-05-17 14:07:17,724 - INFO - Browser from config:false
2026-05-17 14:07:21,481 - INFO - Opened Browser:edge
2026-05-17 14:07:24,964 - INFO - Url Loaded:https://www.bigbasket.com/
2026-05-17 14:08:10,627 - INFO - Closing the browser
2026-05-17 14:08:10,627 - INFO - ENDING THE TEST
2026-05-17 14:08:10,635 - INFO - =======================================
2026-05-17 14:12:15,263 - INFO - =====================================
2026-05-17 14:12:15,263 - INFO - Start Test
2026-05-17 14:12:15,263 - INFO - Reading Configuration
2026-05-17 14:12:15,264 - INFO - Browser from config: 'edge'
2026-05-17 14:12:15,264 - INFO - Browser from config:https://www.bigbasket.com/
2026-05-17 14:12:15,264 - INFO - Browser from config:false
2026-05-17 14:12:16,253 - INFO - Opened Browser:edge
2026-05-17 14:12:19,456 - INFO - Url Loaded:https://www.bigbasket.com/
2026-05-17 14:13:07,676 - INFO - Closing the browser
2026-05-17 14:13:07,676 - INFO - ENDING THE TEST
2026-05-17 14:13:07,676 - INFO - =======================================
2026-05-18 11:24:52,250 - INFO - =====================================
2026-05-18 11:24:52,251 - INFO - Start Test
2026-05-18 11:24:52,251 - INFO - Reading Configuration
2026-05-18 11:24:52,251 - INFO - Browser from config: 'edge'
2026-05-18 11:24:52,251 - INFO - Browser from config:https://www.bigbasket.com/
2026-05-18 11:24:52,252 - INFO - Browser from config:false
2026-05-18 11:24:54,002 - INFO - Opened Browser:edge
2026-05-18 11:25:00,134 - INFO - Url Loaded:https://www.bigbasket.com/
2026-05-18 11:25:31,013 - INFO - Closing the browser
2026-05-18 11:25:31,013 - INFO - ENDING THE TEST
2026-05-18 11:25:31,013 - INFO - =======================================
2026-05-18 11:25:45,852 - INFO - =====================================
2026-05-18 11:25:45,853 - INFO - Start Test
2026-05-18 11:25:45,853 - INFO - Reading Configuration
2026-05-18 11:25:45,853 - INFO - Browser from config: 'edge'
2026-05-18 11:25:45,853 - INFO - Browser from config:https://www.bigbasket.com/
2026-05-18 11:25:45,853 - INFO - Browser from config:false
2026-05-18 11:25:46,716 - INFO - Opened Browser:edge
2026-05-18 11:25:52,373 - INFO - Url Loaded:https://www.bigbasket.com/
2026-05-18 11:26:22,589 - INFO - Closing the browser
2026-05-18 11:26:22,590 - INFO - ENDING THE TEST
2026-05-18 11:26:22,590 - INFO - =======================================
2026-05-18 11:35:29,074 - INFO - =====================================
2026-05-18 11:35:29,074 - INFO - Start Test
2026-05-18 11:35:29,074 - INFO - Reading Configuration
2026-05-18 11:35:29,074 - INFO - Browser from config: 'edge'
2026-05-18 11:35:29,074 - INFO - Browser from config:https://www.bigbasket.com/
2026-05-18 11:35:29,075 - INFO - Browser from config:false
2026-05-18 11:35:29,925 - INFO - Opened Browser:edge
2026-05-18 11:35:36,347 - INFO - Url Loaded:https://www.bigbasket.com/
2026-05-18 11:35:41,150 - INFO - Closing the browser
2026-05-18 11:35:41,151 - INFO - ENDING THE TEST
2026-05-18 11:35:41,151 - INFO - =======================================
2026-05-18 11:35:58,601 - INFO - =====================================
2026-05-18 11:35:58,602 - INFO - Start Test
2026-05-18 11:35:58,602 - INFO - Reading Configuration
2026-05-18 11:35:58,602 - INFO - Browser from config: 'edge'
2026-05-18 11:35:58,602 - INFO - Browser from config:https://www.bigbasket.com/
2026-05-18 11:35:58,603 - INFO - Browser from config:false
2026-05-18 11:35:59,504 - INFO - Opened Browser:edge
2026-05-18 11:36:05,513 - INFO - Url Loaded:https://www.bigbasket.com/
2026-05-18 11:43:35,806 - INFO - =====================================
2026-05-18 11:43:35,806 - INFO - Start Test
2026-05-18 11:43:35,806 - INFO - Reading Configuration
2026-05-18 11:43:35,806 - INFO - Browser from config: 'edge'
2026-05-18 11:43:35,806 - INFO - Browser from config:https://www.bigbasket.com/
2026-05-18 11:43:35,806 - INFO - Browser from config:false
2026-05-18 11:43:36,648 - INFO - Opened Browser:edge
2026-05-18 11:43:42,906 - INFO - Url Loaded:https://www.bigbasket.com/
2026-05-18 11:44:02,389 - INFO - Closing the browser
2026-05-18 11:44:02,389 - INFO - ENDING THE TEST
2026-05-18 11:44:02,389 - INFO - =======================================
2026-05-18 11:49:02,677 - INFO - =====================================
2026-05-18 11:49:02,678 - INFO - Start Test
2026-05-18 11:49:02,678 - INFO - Reading Configuration
2026-05-18 11:49:02,678 - INFO - Browser from config: 'edge'
2026-05-18 11:49:02,678 - INFO - Browser from config:https://www.bigbasket.com/
2026-05-18 11:49:02,678 - INFO - Browser from config:false
2026-05-18 11:49:03,512 - INFO - Opened Browser:edge
2026-05-18 11:49:11,626 - INFO - Url Loaded:https://www.bigbasket.com/
2026-05-18 11:49:43,483 - INFO - Closing the browser
2026-05-18 11:49:43,483 - INFO - ENDING THE TEST
2026-05-18 11:49:43,483 - INFO - =======================================
2026-05-18 13:00:56,011 - INFO - =====================================
2026-05-18 13:00:56,011 - INFO - Start Test
2026-05-18 13:00:56,011 - INFO - Reading Configuration
2026-05-18 13:00:56,011 - INFO - Browser from config: 'edge'
2026-05-18 13:00:56,012 - INFO - Browser from config:https://www.bigbasket.com/
2026-05-18 13:00:56,012 - INFO - Browser from config:false
2026-05-18 13:00:57,330 - INFO - Opened Browser:edge
2026-05-18 13:01:02,175 - INFO - Url Loaded:https://www.bigbasket.com/
2026-05-18 13:01:20,300 - INFO - Closing the browser
2026-05-18 13:01:20,300 - INFO - ENDING THE TEST
2026-05-18 13:01:20,300 - INFO - =======================================
2026-05-18 13:01:20,303 - INFO - =====================================
2026-05-18 13:01:20,303 - INFO - Start Test
2026-05-18 13:01:20,303 - INFO - Reading Configuration
2026-05-18 13:01:20,303 - INFO - Browser from config: 'edge'
2026-05-18 13:01:20,304 - INFO - Browser from config:https://www.bigbasket.com/
2026-05-18 13:01:20,304 - INFO - Browser from config:false
2026-05-18 13:01:21,257 - INFO - Opened Browser:edge
2026-05-18 13:01:26,694 - INFO - Url Loaded:https://www.bigbasket.com/
2026-05-18 13:01:54,869 - INFO - Closing the browser
2026-05-18 13:01:54,870 - INFO - ENDING THE TEST
2026-05-18 13:01:54,870 - INFO - =======================================
2026-05-18 13:06:19,508 - INFO - =====================================
2026-05-18 13:06:19,508 - INFO - Start Test
2026-05-18 13:06:19,508 - INFO - Reading Configuration
2026-05-18 13:06:19,508 - INFO - Browser from config: 'edge'
2026-05-18 13:06:19,509 - INFO - Browser from config:https://www.bigbasket.com/
2026-05-18 13:06:19,509 - INFO - Browser from config:false
2026-05-18 13:06:20,539 - INFO - Opened Browser:edge
2026-05-18 13:06:26,367 - INFO - Url Loaded:https://www.bigbasket.com/
2026-05-18 13:06:44,510 - INFO - Closing the browser
2026-05-18 13:06:44,511 - INFO - ENDING THE TEST
2026-05-18 13:06:44,511 - INFO - =======================================
2026-05-18 13:06:44,514 - INFO - =====================================
2026-05-18 13:06:44,515 - INFO - Start Test
2026-05-18 13:06:44,515 - INFO - Reading Configuration
2026-05-18 13:06:44,515 - INFO - Browser from config: 'edge'
2026-05-18 13:06:44,515 - INFO - Browser from config:https://www.bigbasket.com/
2026-05-18 13:06:44,516 - INFO - Browser from config:false
2026-05-18 13:06:45,502 - INFO - Opened Browser:edge
2026-05-18 13:06:50,862 - INFO - Url Loaded:https://www.bigbasket.com/
2026-05-18 13:07:11,437 - INFO - Closing the browser
2026-05-18 13:07:11,437 - INFO - ENDING THE TEST
2026-05-18 13:07:11,437 - INFO - =======================================
2026-05-18 13:09:10,093 - INFO - =====================================
2026-05-18 13:09:10,093 - INFO - Start Test
2026-05-18 13:09:10,093 - INFO - Reading Configuration
2026-05-18 13:09:10,093 - INFO - Browser from config: 'edge'
2026-05-18 13:09:10,094 - INFO - Browser from config:https://www.bigbasket.com/
2026-05-18 13:09:10,094 - INFO - Browser from config:false
2026-05-18 13:09:11,134 - INFO - Opened Browser:edge
2026-05-18 13:09:16,739 - INFO - Url Loaded:https://www.bigbasket.com/
2026-05-18 13:10:05,906 - INFO - Closing the browser
2026-05-18 13:10:05,906 - INFO - ENDING THE TEST
2026-05-18 13:10:05,906 - INFO - =======================================
2026-05-18 13:12:33,290 - INFO - =====================================
2026-05-18 13:12:33,290 - INFO - Start Test
2026-05-18 13:12:33,290 - INFO - Reading Configuration
2026-05-18 13:12:33,290 - INFO - Browser from config: 'edge'
2026-05-18 13:12:33,290 - INFO - Browser from config:https://www.bigbasket.com/
2026-05-18 13:12:33,290 - INFO - Browser from config:false
2026-05-18 13:12:34,077 - INFO - Opened Browser:edge
2026-05-18 13:12:38,963 - INFO - Url Loaded:https://www.bigbasket.com/
2026-05-18 13:13:36,852 - INFO - Closing the browser
2026-05-18 13:13:36,852 - INFO - ENDING THE TEST
2026-05-18 13:13:36,852 - INFO - =======================================
2026-05-18 13:18:25,194 - INFO - =====================================
2026-05-18 13:18:25,194 - INFO - Start Test
2026-05-18 13:18:25,194 - INFO - Reading Configuration
2026-05-18 13:18:25,194 - INFO - Browser from config: 'edge'
2026-05-18 13:18:25,194 - INFO - Browser from config:https://www.bigbasket.com/
2026-05-18 13:18:25,195 - INFO - Browser from config:false
2026-05-18 13:18:26,201 - INFO - Opened Browser:edge
2026-05-18 13:18:31,970 - INFO - Url Loaded:https://www.bigbasket.com/
2026-05-18 13:19:21,630 - INFO - Closing the browser
2026-05-18 13:19:21,630 - INFO - ENDING THE TEST
2026-05-18 13:19:21,631 - INFO - =======================================
2026-05-18 13:25:10,765 - INFO - =====================================
2026-05-18 13:25:10,765 - INFO - Start Test
2026-05-18 13:25:10,765 - INFO - Reading Configuration
2026-05-18 13:25:10,765 - INFO - Browser from config: 'edge'
2026-05-18 13:25:10,765 - INFO - Browser from config:https://www.bigbasket.com/
2026-05-18 13:25:10,765 - INFO - Browser from config:false
2026-05-18 13:25:11,715 - INFO - Opened Browser:edge
2026-05-18 13:25:16,418 - INFO - Url Loaded:https://www.bigbasket.com/
2026-05-18 13:26:45,942 - INFO - Closing the browser
2026-05-18 13:26:45,942 - INFO - ENDING THE TEST
2026-05-18 13:26:45,942 - INFO - =======================================
2026-05-18 14:07:43,791 - INFO - =====================================
2026-05-18 14:07:43,791 - INFO - Start Test
2026-05-18 14:07:43,791 - INFO - Reading Configuration
2026-05-18 14:07:43,791 - INFO - Browser from config: 'edge'
2026-05-18 14:07:43,792 - INFO - Browser from config:https://www.bigbasket.com/
2026-05-18 14:07:43,792 - INFO - Browser from config:false
2026-05-18 14:07:45,126 - INFO - Opened Browser:edge
2026-05-18 14:07:52,443 - INFO - Url Loaded:https://www.bigbasket.com/
2026-05-18 14:08:21,336 - INFO - Closing the browser
2026-05-18 14:08:21,336 - INFO - ENDING THE TEST
2026-05-18 14:08:21,336 - INFO - =======================================
2026-05-18 14:11:36,778 - INFO - =====================================
2026-05-18 14:11:36,778 - INFO - Start Test
2026-05-18 14:11:36,779 - INFO - Reading Configuration
2026-05-18 14:11:36,779 - INFO - Browser from config: 'edge'
2026-05-18 14:11:36,779 - INFO - Browser from config:https://www.bigbasket.com/
2026-05-18 14:11:36,779 - INFO - Browser from config:false
2026-05-18 14:11:37,610 - INFO - Opened Browser:edge
2026-05-18 14:11:43,179 - INFO - Url Loaded:https://www.bigbasket.com/
2026-05-18 14:12:41,775 - INFO - Closing the browser
2026-05-18 14:12:41,775 - INFO - ENDING THE TEST
2026-05-18 14:12:41,776 - INFO - =======================================
2026-05-18 14:16:57,884 - INFO - =====================================
2026-05-18 14:16:57,884 - INFO - Start Test
2026-05-18 14:16:57,884 - INFO - Reading Configuration
2026-05-18 14:16:57,884 - INFO - Browser from config: 'edge'
2026-05-18 14:16:57,884 - INFO - Browser from config:https://www.bigbasket.com/
2026-05-18 14:16:57,884 - INFO - Browser from config:false
2026-05-18 14:16:58,734 - INFO - Opened Browser:edge
2026-05-18 14:17:05,999 - INFO - Url Loaded:https://www.bigbasket.com/
2026-05-18 14:18:24,421 - INFO - Closing the browser
2026-05-18 14:18:24,421 - INFO - ENDING THE TEST
2026-05-18 14:18:24,421 - INFO - =======================================
2026-05-18 14:19:13,150 - INFO - =====================================
2026-05-18 14:19:13,150 - INFO - Start Test
2026-05-18 14:19:13,150 - INFO - Reading Configuration
2026-05-18 14:19:13,150 - INFO - Browser from config: 'edge'
2026-05-18 14:19:13,150 - INFO - Browser from config:https://www.bigbasket.com/
2026-05-18 14:19:13,150 - INFO - Browser from config:false
2026-05-18 14:19:13,940 - INFO - Opened Browser:edge
2026-05-18 14:19:18,526 - INFO - Url Loaded:https://www.bigbasket.com/
2026-05-18 14:20:36,931 - INFO - Closing the browser
2026-05-18 14:20:36,931 - INFO - ENDING THE TEST
2026-05-18 14:20:36,932 - INFO - =======================================
2026-05-18 14:33:08,366 - INFO - =====================================
2026-05-18 14:33:08,367 - INFO - Start Test
2026-05-18 14:33:08,367 - INFO - Reading Configuration
2026-05-18 14:33:08,367 - INFO - Browser from config: 'edge'
2026-05-18 14:33:08,367 - INFO - Browser from config:https://www.bigbasket.com/
2026-05-18 14:33:08,367 - INFO - Browser from config:false
2026-05-18 14:33:09,202 - INFO - Opened Browser:edge
2026-05-18 14:33:14,353 - INFO - Url Loaded:https://www.bigbasket.com/
2026-05-18 14:34:52,943 - INFO - Closing the browser
2026-05-18 14:34:52,943 - INFO - ENDING THE TEST
2026-05-18 14:34:52,943 - INFO - =======================================
2026-05-18 14:46:31,933 - INFO - =====================================
2026-05-18 14:46:31,934 - INFO - Start Test
2026-05-18 14:46:31,934 - INFO - Reading Configuration
2026-05-18 14:46:31,934 - INFO - Browser from config: 'edge'
2026-05-18 14:46:31,934 - INFO - Browser from config:https://www.bigbasket.com/
2026-05-18 14:46:31,934 - INFO - Browser from config:false
2026-05-18 14:46:32,783 - INFO - Opened Browser:edge
2026-05-18 14:46:36,808 - INFO - Url Loaded:https://www.bigbasket.com/
2026-05-18 14:48:44,633 - INFO - Closing the browser
2026-05-18 14:48:44,634 - INFO - ENDING THE TEST
2026-05-18 14:48:44,634 - INFO - =======================================
2026-05-18 15:04:22,280 - INFO - =====================================
2026-05-18 15:04:22,281 - INFO - Start Test
2026-05-18 15:04:22,281 - INFO - Reading Configuration
2026-05-18 15:04:22,281 - INFO - Browser from config: 'edge'
2026-05-18 15:04:22,281 - INFO - Browser from config:https://www.bigbasket.com/
2026-05-18 15:04:22,281 - INFO - Browser from config:false
2026-05-18 15:04:23,172 - INFO - Opened Browser:edge
2026-05-18 15:04:30,457 - INFO - Url Loaded:https://www.bigbasket.com/
2026-05-18 15:06:17,642 - INFO - Closing the browser
2026-05-18 15:06:17,642 - INFO - ENDING THE TEST
2026-05-18 15:06:17,643 - INFO - =======================================
2026-05-18 15:08:32,299 - INFO - =====================================
2026-05-18 15:08:32,299 - INFO - Start Test
2026-05-18 15:08:32,299 - INFO - Reading Configuration
2026-05-18 15:08:32,299 - INFO - Browser from config: 'edge'
2026-05-18 15:08:32,299 - INFO - Browser from config:https://www.bigbasket.com/
2026-05-18 15:08:32,300 - INFO - Browser from config:false
2026-05-18 15:08:33,657 - INFO - Opened Browser:edge
2026-05-18 15:08:40,326 - INFO - Url Loaded:https://www.bigbasket.com/
2026-05-18 15:10:19,542 - INFO - Closing the browser
2026-05-18 15:10:19,542 - INFO - ENDING THE TEST
2026-05-18 15:10:19,542 - INFO - =======================================
2026-05-18 15:11:52,659 - INFO - =====================================
2026-05-18 15:11:52,659 - INFO - Start Test
2026-05-18 15:11:52,659 - INFO - Reading Configuration
2026-05-18 15:11:52,659 - INFO - Browser from config: 'edge'
2026-05-18 15:11:52,659 - INFO - Browser from config:https://www.bigbasket.com/
2026-05-18 15:11:52,660 - INFO - Browser from config:false
2026-05-18 15:11:53,584 - INFO - Opened Browser:edge
2026-05-18 15:12:01,262 - INFO - Url Loaded:https://www.bigbasket.com/
2026-05-18 15:14:09,057 - INFO - Closing the browser
2026-05-18 15:14:09,057 - INFO - ENDING THE TEST
2026-05-18 15:14:09,057 - INFO - =======================================
2026-05-18 15:44:26,407 - INFO - =====================================
2026-05-18 15:44:26,407 - INFO - Start Test
2026-05-18 15:44:26,407 - INFO - Reading Configuration
2026-05-18 15:44:26,407 - INFO - Browser from config: 'edge'
2026-05-18 15:44:26,407 - INFO - Browser from config:https://www.bigbasket.com/
2026-05-18 15:44:26,407 - INFO - Browser from config:false
2026-05-18 15:44:27,406 - INFO - Opened Browser:edge
2026-05-18 15:44:36,415 - INFO - Url Loaded:https://www.bigbasket.com/
2026-05-18 15:46:30,029 - INFO - Closing the browser
2026-05-18 15:46:30,029 - INFO - ENDING THE TEST
2026-05-18 15:46:30,029 - INFO - =======================================
2026-05-18 15:57:39,578 - INFO - =====================================
2026-05-18 15:57:39,579 - INFO - Start Test
2026-05-18 15:57:39,579 - INFO - Reading Configuration
2026-05-18 15:57:39,579 - INFO - Browser from config: 'edge'
2026-05-18 15:57:39,579 - INFO - Browser from config:https://www.bigbasket.com/
2026-05-18 15:57:39,579 - INFO - Browser from config:false
2026-05-18 15:57:40,499 - INFO - Opened Browser:edge
2026-05-18 15:57:45,867 - INFO - Url Loaded:https://www.bigbasket.com/
2026-05-18 15:59:49,873 - INFO - Closing the browser
2026-05-18 15:59:49,873 - INFO - ENDING THE TEST
2026-05-18 15:59:49,873 - INFO - =======================================
2026-05-18 16:06:01,387 - INFO - =====================================
2026-05-18 16:06:01,387 - INFO - Start Test
2026-05-18 16:06:01,388 - INFO - Reading Configuration
2026-05-18 16:06:01,388 - INFO - Browser from config: 'edge'
2026-05-18 16:06:01,388 - INFO - Browser from config:https://www.bigbasket.com/
2026-05-18 16:06:01,388 - INFO - Browser from config:false
2026-05-18 16:06:02,342 - INFO - Opened Browser:edge
2026-05-18 16:06:08,062 - INFO - Url Loaded:https://www.bigbasket.com/
2026-05-18 16:08:29,466 - INFO - Closing the browser
2026-05-18 16:08:29,466 - INFO - ENDING THE TEST
2026-05-18 16:08:29,466 - INFO - =======================================
2026-05-18 16:16:37,141 - INFO - =====================================
2026-05-18 16:16:37,141 - INFO - Start Test
2026-05-18 16:16:37,141 - INFO - Reading Configuration
2026-05-18 16:16:37,141 - INFO - Browser from config: 'edge'
2026-05-18 16:16:37,141 - INFO - Browser from config:https://www.bigbasket.com/
2026-05-18 16:16:37,141 - INFO - Browser from config:false
2026-05-18 16:16:38,014 - INFO - Opened Browser:edge
2026-05-18 16:16:41,244 - INFO - Url Loaded:https://www.bigbasket.com/
2026-05-18 16:19:01,754 - INFO - Closing the browser
2026-05-18 16:19:01,755 - INFO - ENDING THE TEST
2026-05-18 16:19:01,755 - INFO - =======================================
2026-05-18 17:46:25,737 - INFO - =====================================
2026-05-18 17:46:25,737 - INFO - Start Test
2026-05-18 17:46:25,737 - INFO - Reading Configuration
2026-05-18 17:46:25,737 - INFO - Browser from config: 'edge'
2026-05-18 17:46:25,737 - INFO - Browser from config:https://www.bigbasket.com/
2026-05-18 17:46:25,738 - INFO - Browser from config:false
2026-05-18 17:46:26,829 - INFO - Opened Browser:edge
2026-05-18 17:46:31,917 - INFO - Url Loaded:https://www.bigbasket.com/
2026-05-18 17:47:51,174 - INFO - Closing the browser
2026-05-18 17:47:51,174 - INFO - ENDING THE TEST
2026-05-18 17:47:51,174 - INFO - =======================================
2026-05-18 20:29:24,636 - INFO - =====================================
2026-05-18 20:29:24,637 - INFO - Start Test
2026-05-18 20:29:24,637 - INFO - Reading Configuration
2026-05-18 20:29:24,637 - INFO - Browser from config: 'edge'
2026-05-18 20:29:24,638 - INFO - Browser from config:https://www.bigbasket.com/
2026-05-18 20:29:24,638 - INFO - Browser from config:false
2026-05-18 20:29:26,094 - INFO - Opened Browser:edge
2026-05-18 20:29:29,464 - INFO - Url Loaded:https://www.bigbasket.com/
2026-05-18 20:31:50,945 - INFO - Closing the browser
2026-05-18 20:31:50,945 - INFO - ENDING THE TEST
2026-05-18 20:31:50,945 - INFO - =======================================
18/05/2026 08:41:01 PM : INFO : =====================================
18/05/2026 08:41:01 PM : INFO : Start Test
18/05/2026 08:41:01 PM : INFO : Reading Configuration
18/05/2026 08:41:01 PM : INFO : Browser from config: 'edge'
18/05/2026 08:41:01 PM : INFO : Browser from config:https://www.bigbasket.com/
18/05/2026 08:41:01 PM : INFO : Browser from config:false
18/05/2026 08:41:03 PM : INFO : Opened Browser:edge
18/05/2026 08:41:06 PM : INFO : Url Loaded:https://www.bigbasket.com/
18/05/2026 08:41:06 PM : INFO : Opening BigBasket Website
18/05/2026 08:41:12 PM : INFO : Clicking Login Button
18/05/2026 08:41:16 PM : INFO : Entering Mobile Number
18/05/2026 08:41:19 PM : INFO : Clicking Continue Button
18/05/2026 08:41:19 PM : INFO : Waiting For OTP Verification
18/05/2026 08:41:39 PM : INFO : Clicking Verify Button
18/05/2026 08:42:04 PM : INFO : Clicking Shop By Category
18/05/2026 08:42:09 PM : INFO : Clicking Fashion
18/05/2026 08:42:14 PM : INFO : Clicking Footwear
18/05/2026 08:42:24 PM : INFO : Opening Brands Filter
18/05/2026 08:42:29 PM : INFO : Selecting Adidas Sports
18/05/2026 08:42:35 PM : INFO : Adding First Product
18/05/2026 08:42:43 PM : INFO : Scrolling Half Page
18/05/2026 08:42:48 PM : INFO : Selecting Action Checkbox
18/05/2026 08:42:58 PM : INFO : Adding Second Product
18/05/2026 08:43:06 PM : INFO : Opening Basket
18/05/2026 08:43:12 PM : INFO : Incrementing Product Quantity
18/05/2026 08:43:17 PM : INFO : Proceeding To Checkout
18/05/2026 08:43:27 PM : INFO : Test Case Passed Successfully
18/05/2026 08:43:27 PM : INFO : Closing the browser
18/05/2026 08:43:27 PM : INFO : ENDING THE TEST
18/05/2026 08:43:27 PM : INFO : =======================================
18/05/2026 08:51:53 PM : INFO : Browser Opened
18/05/2026 08:51:56 PM : INFO : URL Loaded
18/05/2026 08:51:56 PM : INFO : Opening BigBasket Website
18/05/2026 08:52:03 PM : INFO : Clicking Login Button
18/05/2026 08:52:06 PM : INFO : Entering Mobile Number
18/05/2026 08:52:09 PM : INFO : Clicking Continue Button
18/05/2026 08:52:09 PM : INFO : Waiting For OTP
18/05/2026 08:52:29 PM : INFO : Clicking Verify Button
18/05/2026 08:52:55 PM : INFO : Clicking Shop By Category
18/05/2026 08:53:00 PM : INFO : Clicking Fashion
18/05/2026 08:53:05 PM : INFO : Clicking Footwear
18/05/2026 08:53:15 PM : INFO : Opening Brands Filter
18/05/2026 08:53:20 PM : INFO : Selecting Adidas Sports
18/05/2026 08:53:25 PM : INFO : Adding First Product
18/05/2026 08:53:33 PM : INFO : Scrolling Half Page
18/05/2026 08:53:38 PM : INFO : Selecting Action Checkbox
18/05/2026 08:53:48 PM : INFO : Adding Second Product
18/05/2026 08:53:56 PM : INFO : Opening Basket
18/05/2026 08:54:03 PM : INFO : Incrementing Product Quantity
18/05/2026 08:54:08 PM : INFO : Proceeding To Checkout
18/05/2026 08:54:18 PM : INFO : Test Case Passed Successfully
18/05/2026 08:54:18 PM : INFO : Closing Browser
18/05/2026 09:05:00 PM : INFO : Browser Opened
18/05/2026 09:05:03 PM : INFO : URL Loaded
18/05/2026 09:05:03 PM : INFO : Opening BigBasket Website
18/05/2026 09:05:10 PM : INFO : Clicking Login Button
18/05/2026 09:05:14 PM : INFO : Entering Mobile Number
18/05/2026 09:05:17 PM : INFO : Clicking Continue Button
18/05/2026 09:05:18 PM : INFO : Waiting For OTP
18/05/2026 09:05:38 PM : INFO : Clicking Verify Button
18/05/2026 09:06:03 PM : INFO : Clicking Shop By Category
18/05/2026 09:06:08 PM : INFO : Clicking Fashion
18/05/2026 09:06:13 PM : INFO : Clicking Footwear
18/05/2026 09:06:23 PM : INFO : Opening Brands Filter
18/05/2026 09:06:28 PM : INFO : Selecting Adidas Sports
18/05/2026 09:06:33 PM : INFO : Adding First Product
18/05/2026 09:06:41 PM : INFO : Scrolling Half Page
18/05/2026 09:06:46 PM : INFO : Selecting Action Checkbox
18/05/2026 09:06:57 PM : INFO : Adding Second Product
18/05/2026 09:07:05 PM : INFO : Opening Basket
18/05/2026 09:07:11 PM : INFO : Incrementing Product Quantity
18/05/2026 09:07:16 PM : INFO : Proceeding To Checkout
18/05/2026 09:07:26 PM : INFO : Test Case Passed Successfully
18/05/2026 09:07:26 PM : INFO : Closing Browser
19/05/2026 09:33:52 AM : INFO : Browser Opened
19/05/2026 09:33:54 AM : INFO : URL Loaded
19/05/2026 09:33:54 AM : INFO : Opening BigBasket Website
19/05/2026 09:34:01 AM : INFO : Clicking Login Button
19/05/2026 09:34:04 AM : INFO : Entering Mobile Number
19/05/2026 09:34:07 AM : INFO : Clicking Continue Button
19/05/2026 09:34:08 AM : INFO : Waiting For OTP
19/05/2026 09:34:28 AM : INFO : Clicking Verify Button
19/05/2026 09:34:53 AM : INFO : Clicking Shop By Category
19/05/2026 09:34:58 AM : INFO : Clicking Fashion
19/05/2026 09:35:03 AM : INFO : Clicking Footwear
19/05/2026 09:35:13 AM : INFO : Opening Brands Filter
19/05/2026 09:35:13 AM : INFO : Closing Browser
19/05/2026 09:35:22 AM : INFO : Browser Opened
19/05/2026 09:35:24 AM : INFO : URL Loaded
19/05/2026 09:35:24 AM : INFO : Opening BigBasket Website
19/05/2026 09:35:31 AM : INFO : Clicking Login Button
19/05/2026 09:35:34 AM : INFO : Entering Mobile Number
19/05/2026 09:35:37 AM : INFO : Clicking Continue Button
19/05/2026 09:35:37 AM : INFO : Waiting For OTP
19/05/2026 09:35:57 AM : INFO : Clicking Verify Button
19/05/2026 09:36:23 AM : INFO : Clicking Shop By Category
19/05/2026 09:36:28 AM : INFO : Clicking Fashion
19/05/2026 09:36:33 AM : INFO : Clicking Footwear
19/05/2026 09:36:43 AM : INFO : Opening Brands Filter
19/05/2026 09:36:48 AM : INFO : Selecting Adidas Sports
19/05/2026 09:36:53 AM : INFO : Adding First Product
19/05/2026 09:37:01 AM : INFO : Scrolling Half Page
19/05/2026 09:37:06 AM : INFO : Selecting Action Checkbox
19/05/2026 09:37:16 AM : INFO : Adding Second Product
19/05/2026 09:37:24 AM : INFO : Opening Basket
19/05/2026 09:37:30 AM : INFO : Incrementing Product Quantity
19/05/2026 09:37:35 AM : INFO : Proceeding To Checkout
19/05/2026 09:37:45 AM : INFO : Test Case Passed Successfully
19/05/2026 09:37:45 AM : INFO : Closing Browser
19/05/2026 12:48:44 PM : INFO : Browser Opened
19/05/2026 12:48:51 PM : INFO : URL Loaded
19/05/2026 12:48:51 PM : INFO : Opening BigBasket Website
19/05/2026 12:48:58 PM : INFO : Clicking Login Button
19/05/2026 12:49:01 PM : INFO : Entering Mobile Number
19/05/2026 12:49:04 PM : INFO : Clicking Continue Button
19/05/2026 12:49:05 PM : INFO : Waiting For OTP
19/05/2026 12:49:25 PM : INFO : Clicking Verify Button
19/05/2026 12:49:50 PM : INFO : Clicking Shop By Category
19/05/2026 12:49:55 PM : INFO : Clicking Fashion
19/05/2026 12:50:00 PM : INFO : Clicking Footwear
19/05/2026 12:50:10 PM : INFO : Opening Brands Filter
19/05/2026 12:50:15 PM : INFO : Selecting Adidas Sports
19/05/2026 12:50:20 PM : INFO : Adding First Product
19/05/2026 12:50:28 PM : INFO : Scrolling Half Page
19/05/2026 12:50:33 PM : INFO : Selecting Action Checkbox
19/05/2026 12:50:43 PM : INFO : Adding Second Product
19/05/2026 12:50:51 PM : INFO : Opening Basket
19/05/2026 12:50:57 PM : INFO : Incrementing Product Quantity
19/05/2026 12:51:02 PM : INFO : Proceeding To Checkout
19/05/2026 12:51:12 PM : INFO : Test Case Passed Successfully
19/05/2026 12:51:13 PM : INFO : Closing Browser
19/05/2026 12:54:52 PM : INFO : Browser Opened
19/05/2026 12:54:56 PM : INFO : URL Loaded
19/05/2026 12:54:56 PM : INFO : Opening BigBasket Website
19/05/2026 12:55:03 PM : INFO : Clicking Login Button
19/05/2026 12:55:06 PM : INFO : Entering Mobile Number
19/05/2026 12:55:09 PM : INFO : Clicking Continue Button
19/05/2026 12:55:09 PM : INFO : Waiting For OTP
19/05/2026 12:55:29 PM : INFO : Clicking Verify Button
19/05/2026 12:55:55 PM : INFO : Clicking Shop By Category
19/05/2026 12:56:00 PM : INFO : Clicking Fashion
19/05/2026 12:56:05 PM : INFO : Clicking Footwear
19/05/2026 12:56:15 PM : INFO : Opening Brands Filter
19/05/2026 12:56:20 PM : INFO : Selecting Adidas Sports
19/05/2026 12:56:25 PM : INFO : Adding First Product
19/05/2026 12:56:33 PM : INFO : Scrolling Half Page
19/05/2026 12:56:38 PM : INFO : Selecting Action Checkbox
19/05/2026 12:56:48 PM : INFO : Adding Second Product
19/05/2026 12:56:56 PM : INFO : Opening Basket
19/05/2026 12:57:02 PM : INFO : Incrementing Product Quantity
19/05/2026 12:57:07 PM : INFO : Proceeding To Checkout
19/05/2026 12:57:17 PM : INFO : Test Case Passed Successfully
19/05/2026 12:57:17 PM : INFO : Closing Browser
19/05/2026 01:06:17 PM : INFO : Browser Opened
19/05/2026 01:06:20 PM : INFO : URL Loaded
19/05/2026 01:06:20 PM : INFO : Opening BigBasket Website
19/05/2026 01:06:27 PM : INFO : Clicking Login Button
19/05/2026 01:06:30 PM : INFO : Entering Mobile Number
19/05/2026 01:06:34 PM : INFO : Clicking Continue Button
19/05/2026 01:06:34 PM : INFO : Waiting For OTP
19/05/2026 01:06:54 PM : INFO : Clicking Verify Button
19/05/2026 01:07:19 PM : INFO : Clicking Shop By Category
19/05/2026 01:07:24 PM : INFO : Clicking Fashion
19/05/2026 01:07:29 PM : INFO : Clicking Footwear
19/05/2026 01:07:39 PM : INFO : Opening Brands Filter
19/05/2026 01:07:44 PM : INFO : Selecting Adidas Sports
19/05/2026 01:07:49 PM : INFO : Adding First Product
19/05/2026 01:07:57 PM : INFO : Scrolling Half Page
19/05/2026 01:08:02 PM : INFO : Selecting Action Checkbox
19/05/2026 01:08:12 PM : INFO : Adding Second Product
19/05/2026 01:08:20 PM : INFO : Opening Basket
19/05/2026 01:08:26 PM : INFO : Incrementing Product Quantity
19/05/2026 01:08:31 PM : INFO : Proceeding To Checkout
19/05/2026 01:08:41 PM : INFO : Test Case Passed Successfully
19/05/2026 01:08:41 PM : INFO : Closing Browser
19/05/2026 01:59:24 PM : INFO : Browser Opened
19/05/2026 01:59:27 PM : INFO : URL Loaded
19/05/2026 01:59:27 PM : INFO : Opening BigBasket Website
19/05/2026 01:59:32 PM : INFO : Clicking Login Button
19/05/2026 01:59:35 PM : INFO : Closing Browser
19/05/2026 02:01:05 PM : INFO : Browser Opened
19/05/2026 02:01:09 PM : INFO : URL Loaded
19/05/2026 02:01:09 PM : INFO : Opening BigBasket Website
19/05/2026 02:01:16 PM : INFO : Clicking Login Button
19/05/2026 02:01:19 PM : INFO : Entering Mobile Number
19/05/2026 02:01:22 PM : INFO : Clicking Continue Button
19/05/2026 02:01:23 PM : INFO : Waiting For OTP
19/05/2026 02:01:43 PM : INFO : Clicking Verify Button
19/05/2026 02:02:08 PM : INFO : Clicking Shop By Category
19/05/2026 02:02:13 PM : INFO : Clicking Fashion
19/05/2026 02:02:18 PM : INFO : Clicking Footwear
19/05/2026 02:02:28 PM : INFO : Opening Brands Filter
19/05/2026 02:02:33 PM : INFO : Selecting Adidas Sports
19/05/2026 02:02:38 PM : INFO : Adding First Product
19/05/2026 02:02:46 PM : INFO : Scrolling Half Page
19/05/2026 02:02:51 PM : INFO : Selecting Action Checkbox
19/05/2026 02:03:01 PM : INFO : Adding Second Product
19/05/2026 02:03:09 PM : INFO : Opening Basket
19/05/2026 02:03:15 PM : INFO : Incrementing Product Quantity
19/05/2026 02:03:20 PM : INFO : Proceeding To Checkout
19/05/2026 02:03:30 PM : INFO : Test Case Passed Successfully
19/05/2026 02:03:30 PM : INFO : Closing Browser
19/05/2026 05:31:20 PM : INFO : Browser Opened
19/05/2026 05:31:21 PM : INFO : URL Loaded
19/05/2026 05:31:21 PM : INFO : Opening BigBasket Website
19/05/2026 05:31:23 PM : INFO : Clicking Login Button
19/05/2026 05:31:23 PM : INFO : Entering Mobile Number
19/05/2026 05:31:44 PM : INFO : Closing Browser
19/05/2026 05:49:01 PM : INFO : Browser Opened
19/05/2026 05:49:04 PM : INFO : URL Loaded
19/05/2026 05:49:04 PM : INFO : Opening BigBasket Website
19/05/2026 05:49:10 PM : INFO : Clicking Login
19/05/2026 05:49:14 PM : INFO : Entering Mobile Number
19/05/2026 05:49:17 PM : INFO : Clicking Continue
19/05/2026 05:49:17 PM : INFO : Waiting For OTP
19/05/2026 05:49:37 PM : INFO : Clicking Verify
19/05/2026 05:49:38 PM : INFO : Closing Browser
19/05/2026 05:49:41 PM : INFO : Browser Opened
19/05/2026 05:49:44 PM : INFO : URL Loaded
19/05/2026 05:50:09 PM : INFO : Closing Browser
19/05/2026 05:50:12 PM : INFO : Browser Opened
19/05/2026 05:50:16 PM : INFO : URL Loaded
19/05/2026 05:50:43 PM : INFO : Closing Browser
19/05/2026 05:50:46 PM : INFO : Browser Opened
19/05/2026 05:50:47 PM : INFO : URL Loaded
19/05/2026 05:51:10 PM : INFO : Closing Browser
19/05/2026 05:51:14 PM : INFO : Browser Opened
19/05/2026 05:51:16 PM : INFO : URL Loaded
19/05/2026 05:51:40 PM : INFO : Closing Browser
19/05/2026 05:51:43 PM : INFO : Browser Opened
19/05/2026 05:51:46 PM : INFO : URL Loaded
19/05/2026 05:51:53 PM : INFO : Closing Browser
19/05/2026 05:55:29 PM : INFO : Browser Opened
19/05/2026 05:55:33 PM : INFO : URL Loaded
19/05/2026 05:55:33 PM : INFO : Opening BigBasket Website
19/05/2026 05:55:35 PM : INFO : Clicking Login
19/05/2026 05:55:36 PM : INFO : Entering Mobile Number
19/05/2026 05:55:36 PM : INFO : Clicking Continue
19/05/2026 05:55:36 PM : INFO : Waiting For Manual OTP Entry
19/05/2026 05:55:37 PM : INFO : Closing Browser
19/05/2026 05:57:16 PM : INFO : Browser Opened
19/05/2026 05:57:18 PM : INFO : URL Loaded
19/05/2026 05:57:18 PM : INFO : Opening BigBasket Website
19/05/2026 05:57:25 PM : INFO : Clicking Login Button
19/05/2026 05:57:29 PM : INFO : Entering Mobile Number
19/05/2026 05:57:32 PM : INFO : Clicking Continue Button
19/05/2026 05:57:32 PM : INFO : Waiting For OTP
19/05/2026 05:57:52 PM : INFO : Clicking Verify Button
19/05/2026 05:58:17 PM : INFO : Clicking Shop By Category
19/05/2026 05:58:22 PM : INFO : Clicking Fashion
19/05/2026 05:58:27 PM : INFO : Clicking Footwear
19/05/2026 05:58:37 PM : INFO : Opening Brands Filter
19/05/2026 05:58:42 PM : INFO : Selecting Adidas Sports
19/05/2026 05:58:47 PM : INFO : Adding First Product
19/05/2026 05:58:55 PM : INFO : Scrolling Half Page
19/05/2026 05:59:00 PM : INFO : Selecting Action Checkbox
19/05/2026 05:59:11 PM : INFO : Adding Second Product
19/05/2026 05:59:19 PM : INFO : Opening Basket
19/05/2026 05:59:25 PM : INFO : Incrementing Product Quantity
19/05/2026 05:59:30 PM : INFO : Proceeding To Checkout
19/05/2026 05:59:40 PM : INFO : Test Case Passed Successfully
19/05/2026 05:59:40 PM : INFO : Closing Browser
19/05/2026 06:03:43 PM : INFO : Browser Opened
19/05/2026 06:03:47 PM : INFO : URL Loaded
19/05/2026 06:03:47 PM : INFO : Opening BigBasket Website
19/05/2026 06:03:55 PM : INFO : Clicking Login Button
19/05/2026 06:03:58 PM : INFO : Entering Mobile Number
19/05/2026 06:04:01 PM : INFO : Clicking Continue Button
19/05/2026 06:04:02 PM : INFO : Waiting For OTP
19/05/2026 06:04:22 PM : INFO : Clicking Verify Button
19/05/2026 06:04:47 PM : INFO : Clicking Shop By Category
19/05/2026 06:04:52 PM : INFO : Clicking Fashion
19/05/2026 06:04:57 PM : INFO : Clicking Footwear
19/05/2026 06:05:07 PM : INFO : Opening Brands Filter
19/05/2026 06:05:12 PM : INFO : Selecting Adidas Sports
19/05/2026 06:05:17 PM : INFO : Adding First Product
19/05/2026 06:05:25 PM : INFO : Scrolling Half Page
19/05/2026 06:05:30 PM : INFO : Selecting Action Checkbox
19/05/2026 06:05:41 PM : INFO : Adding Second Product
19/05/2026 06:05:49 PM : INFO : Opening Basket
19/05/2026 06:05:55 PM : INFO : Incrementing Product Quantity
19/05/2026 06:06:00 PM : INFO : Proceeding To Checkout
19/05/2026 06:06:10 PM : INFO : Test Case Passed Successfully
19/05/2026 06:06:10 PM : INFO : Closing Browser
19/05/2026 08:18:35 PM : INFO : Browser Opened
19/05/2026 08:18:38 PM : INFO : URL Loaded
19/05/2026 08:18:38 PM : INFO : Opening BigBasket Website
19/05/2026 08:18:44 PM : INFO : Clicking Login Button
19/05/2026 08:18:48 PM : INFO : Entering Mobile Number
19/05/2026 08:18:51 PM : INFO : Clicking Continue
19/05/2026 08:19:11 PM : INFO : Clicking Verify Button
19/05/2026 08:19:31 PM : INFO : Login Successful
19/05/2026 08:19:42 PM : ERROR : Screenshot saved: screenshots/test_positive_flow.png
19/05/2026 08:19:42 PM : INFO : Closing Browser
19/05/2026 08:22:01 PM : INFO : Browser Opened
19/05/2026 08:22:03 PM : INFO : URL Loaded
19/05/2026 08:22:03 PM : INFO : Opening BigBasket Website
19/05/2026 08:22:10 PM : INFO : Clicking Login Button
19/05/2026 08:22:13 PM : INFO : Entering Mobile Number
19/05/2026 08:22:17 PM : INFO : Clicking Continue Button
19/05/2026 08:22:17 PM : INFO : Waiting For OTP
19/05/2026 08:22:37 PM : INFO : Clicking Verify Button
19/05/2026 08:23:02 PM : INFO : Clicking Shop By Category
19/05/2026 08:23:07 PM : INFO : Clicking Fashion
19/05/2026 08:23:12 PM : INFO : Clicking Footwear
19/05/2026 08:23:22 PM : INFO : Opening Brands Filter
19/05/2026 08:23:27 PM : INFO : Selecting Adidas Sports
19/05/2026 08:23:32 PM : INFO : Adding First Product
19/05/2026 08:23:40 PM : INFO : Scrolling Half Page
19/05/2026 08:23:45 PM : INFO : Selecting Action Checkbox
19/05/2026 08:23:56 PM : INFO : Adding Second Product
19/05/2026 08:24:04 PM : INFO : Opening Basket
19/05/2026 08:24:12 PM : INFO : Incrementing Product Quantity
19/05/2026 08:24:17 PM : INFO : Proceeding To Checkout
19/05/2026 08:24:27 PM : INFO : Test Case Passed Successfully
19/05/2026 08:24:27 PM : INFO : Closing Browser
19/05/2026 09:00:15 PM : INFO : Browser Opened
19/05/2026 09:00:19 PM : INFO : URL Loaded
19/05/2026 09:00:19 PM : INFO : Opening BigBasket Website
19/05/2026 09:00:26 PM : INFO : Clicking Login Button
19/05/2026 09:00:30 PM : INFO : Entering Invalid Mobile Number
19/05/2026 09:00:33 PM : INFO : Clicking Continue
19/05/2026 09:00:44 PM : ERROR : Screenshot saved: screenshots/test_negative_scenarios.png
19/05/2026 09:00:44 PM : INFO : Closing Browser
19/05/2026 09:21:57 PM : WARNING : There was an error managing msedgedriver (error sending request for url (https://msedgedriver.microsoft.com/LATEST_RELEASE_148_WINDOWS)); using driver found in the cache
19/05/2026 09:21:59 PM : INFO : Browser Opened
19/05/2026 09:22:01 PM : INFO : URL Loaded
19/05/2026 09:22:01 PM : INFO : Opening BigBasket Website
19/05/2026 09:22:08 PM : INFO : Clicking Login Button
19/05/2026 09:22:11 PM : INFO : Entering Invalid Mobile Number
19/05/2026 09:22:15 PM : INFO : Checking Continue Button Disabled
19/05/2026 09:22:15 PM : INFO : Closing Browser
20/05/2026 12:07:05 AM : INFO : Browser Opened
20/05/2026 12:07:37 AM : INFO : URL Loaded
20/05/2026 12:07:37 AM : INFO : Opening BigBasket Website
20/05/2026 12:07:43 AM : INFO : Clicking Login Button
20/05/2026 12:07:47 AM : INFO : Entering Mobile Number
20/05/2026 12:07:50 AM : INFO : Clicking Continue
20/05/2026 12:07:50 AM : ERROR : Screenshot saved: screenshots/test_positive_flow.png
20/05/2026 12:07:50 AM : INFO : Closing Browser
20/05/2026 12:24:09 AM : INFO : Browser Opened
20/05/2026 12:24:12 AM : INFO : URL Loaded
20/05/2026 12:24:12 AM : INFO : Opening BigBasket Website
20/05/2026 12:24:18 AM : INFO : Clicking Login Button
20/05/2026 12:24:21 AM : INFO : Entering Mobile Number
20/05/2026 12:24:24 AM : INFO : Clicking Continue
20/05/2026 12:26:20 AM : INFO : Clicking Verify Button
20/05/2026 12:26:20 AM : ERROR : Screenshot saved: screenshots/test_positive_flow.png
20/05/2026 12:26:20 AM : INFO : Closing Browser
20/05/2026 12:30:28 AM : INFO : Browser Opened
20/05/2026 12:30:30 AM : INFO : URL Loaded
20/05/2026 12:30:30 AM : INFO : Opening BigBasket Website
20/05/2026 12:30:36 AM : INFO : Clicking Login Button
20/05/2026 12:30:39 AM : INFO : Entering Mobile Number
20/05/2026 12:30:42 AM : INFO : Clicking Continue
20/05/2026 12:31:39 AM : INFO : Clicking Verify Button
20/05/2026 12:31:50 AM : ERROR : Screenshot saved: screenshots/test_positive_flow.png
20/05/2026 12:31:50 AM : INFO : Closing Browser
20/05/2026 12:35:12 AM : INFO : Browser Opened
20/05/2026 12:35:14 AM : INFO : URL Loaded
20/05/2026 12:35:14 AM : INFO : Opening BigBasket Website
20/05/2026 12:35:21 AM : INFO : Clicking Login Button
20/05/2026 12:35:24 AM : INFO : Entering Mobile Number
20/05/2026 12:35:54 AM : ERROR : Screenshot saved: screenshots/test_positive_flow.png
20/05/2026 12:35:54 AM : INFO : Closing Browser
20/05/2026 12:38:44 AM : INFO : Browser Opened
20/05/2026 12:38:46 AM : INFO : URL Loaded
20/05/2026 12:38:46 AM : INFO : Opening BigBasket Website
20/05/2026 12:38:53 AM : INFO : Clicking Login Button
20/05/2026 12:38:56 AM : INFO : Entering Mobile Number
20/05/2026 12:39:16 AM : INFO : Closing Browser
20/05/2026 12:41:49 AM : INFO : Browser Opened
20/05/2026 12:41:51 AM : INFO : URL Loaded
20/05/2026 12:41:51 AM : INFO : Opening BigBasket Website
20/05/2026 12:41:58 AM : INFO : Clicking Login Button
20/05/2026 12:42:01 AM : INFO : Entering Mobile Number
20/05/2026 12:42:04 AM : INFO : Clicking Continue Button
20/05/2026 12:42:04 AM : INFO : Waiting For OTP
20/05/2026 12:42:24 AM : INFO : Clicking Verify Button
20/05/2026 12:42:49 AM : INFO : Clicking Shop By Category
20/05/2026 12:42:54 AM : INFO : Clicking Fashion
20/05/2026 12:42:59 AM : INFO : Clicking Footwear
20/05/2026 12:43:10 AM : INFO : Opening Brands Filter
20/05/2026 12:43:15 AM : INFO : Selecting Adidas Sports
20/05/2026 12:43:20 AM : INFO : Adding First Product
20/05/2026 12:43:28 AM : INFO : Scrolling Half Page
20/05/2026 12:43:33 AM : INFO : Selecting Action Checkbox
20/05/2026 12:43:43 AM : INFO : Adding Second Product
20/05/2026 12:43:51 AM : INFO : Opening Basket
20/05/2026 12:43:57 AM : INFO : Incrementing Product Quantity
20/05/2026 12:44:02 AM : INFO : Proceeding To Checkout
20/05/2026 12:44:12 AM : INFO : Test Case Passed Successfully
20/05/2026 12:44:12 AM : INFO : Closing Browser
20/05/2026 12:50:54 AM : INFO : Browser Opened
20/05/2026 12:50:56 AM : INFO : URL Loaded
20/05/2026 12:50:56 AM : INFO : Opening BigBasket Website
20/05/2026 12:51:02 AM : INFO : Clicking Login Button
20/05/2026 12:51:05 AM : INFO : Entering Mobile Number
20/05/2026 12:51:09 AM : INFO : Clicking Continue Button
20/05/2026 12:51:09 AM : INFO : Waiting For OTP
20/05/2026 12:51:29 AM : INFO : Clicking Verify Button
20/05/2026 12:51:49 AM : INFO : Verifying Login Success
20/05/2026 12:51:49 AM : ERROR : Screenshot saved: screenshots/test_positive_flow.png
20/05/2026 12:51:49 AM : INFO : Closing Browser
20/05/2026 12:56:11 AM : INFO : Browser Opened
20/05/2026 12:56:13 AM : INFO : URL Loaded
20/05/2026 12:56:13 AM : INFO : Opening BigBasket Website
20/05/2026 12:56:19 AM : INFO : Clicking Login Button
20/05/2026 12:56:22 AM : INFO : Entering Mobile Number
20/05/2026 12:56:25 AM : INFO : Clicking Continue Button
20/05/2026 12:56:25 AM : INFO : Waiting For OTP
20/05/2026 12:56:45 AM : INFO : Clicking Verify Button
20/05/2026 12:57:06 AM : INFO : Verifying Login Success
20/05/2026 12:57:16 AM : ERROR : Screenshot saved: screenshots/test_positive_flow.png
20/05/2026 12:57:16 AM : INFO : Closing Browser
20/05/2026 01:01:52 AM : INFO : Browser Opened
20/05/2026 01:01:55 AM : INFO : URL Loaded
20/05/2026 01:01:55 AM : INFO : Opening BigBasket Website
20/05/2026 01:02:01 AM : INFO : Clicking Login Button
20/05/2026 01:02:04 AM : INFO : Entering Mobile Number
20/05/2026 01:02:07 AM : INFO : Clicking Continue Button
20/05/2026 01:02:07 AM : INFO : Waiting For OTP
20/05/2026 01:02:27 AM : INFO : Clicking Verify Button
20/05/2026 01:02:47 AM : INFO : Verifying Login Success
20/05/2026 01:02:47 AM : INFO : Clicking Shop By Category
20/05/2026 01:02:52 AM : INFO : Clicking Fashion
20/05/2026 01:02:57 AM : INFO : Clicking Footwear
20/05/2026 01:03:07 AM : INFO : Verifying Footwear Page
20/05/2026 01:03:07 AM : INFO : Opening Brands Filter
20/05/2026 01:03:12 AM : INFO : Selecting Adidas Sports
20/05/2026 01:03:18 AM : INFO : Adding First Product
20/05/2026 01:03:26 AM : INFO : Verifying Basket Count
20/05/2026 01:03:26 AM : ERROR : Screenshot saved: screenshots/test_positive_flow.png
20/05/2026 01:03:26 AM : INFO : Closing Browser
20/05/2026 01:06:42 AM : INFO : Browser Opened
20/05/2026 01:06:45 AM : INFO : URL Loaded
20/05/2026 01:06:45 AM : INFO : Opening BigBasket Website
20/05/2026 01:06:51 AM : INFO : Clicking Login Button
20/05/2026 01:06:54 AM : INFO : Entering Mobile Number
20/05/2026 01:06:57 AM : INFO : Clicking Continue Button
20/05/2026 01:06:57 AM : INFO : Waiting For OTP
20/05/2026 01:07:17 AM : INFO : Clicking Verify Button
20/05/2026 01:07:37 AM : INFO : Verifying Login Success
20/05/2026 01:07:37 AM : INFO : Clicking Shop By Category
20/05/2026 01:07:42 AM : INFO : Clicking Fashion
20/05/2026 01:07:48 AM : INFO : Clicking Footwear
20/05/2026 01:07:58 AM : INFO : Verifying Footwear Page
20/05/2026 01:07:58 AM : INFO : Opening Brands Filter
20/05/2026 01:08:03 AM : INFO : Selecting Adidas Sports
20/05/2026 01:08:08 AM : INFO : Adding First Product
20/05/2026 01:08:16 AM : INFO : Verifying Basket Count
20/05/2026 01:08:16 AM : ERROR : Screenshot saved: screenshots/test_positive_flow.png
20/05/2026 01:08:16 AM : INFO : Closing Browser
20/05/2026 01:09:49 AM : INFO : Browser Opened
20/05/2026 01:09:52 AM : INFO : URL Loaded
20/05/2026 01:09:52 AM : INFO : Opening BigBasket Website
20/05/2026 01:09:58 AM : INFO : Clicking Login Button
20/05/2026 01:10:01 AM : INFO : Entering Mobile Number
20/05/2026 01:10:04 AM : INFO : Clicking Continue Button
20/05/2026 01:10:04 AM : INFO : Waiting For OTP
20/05/2026 01:10:24 AM : INFO : Clicking Verify Button
20/05/2026 01:10:44 AM : INFO : Verifying Login Success
20/05/2026 01:10:45 AM : INFO : Clicking Shop By Category
20/05/2026 01:10:50 AM : INFO : Clicking Fashion
20/05/2026 01:10:55 AM : INFO : Clicking Footwear
20/05/2026 01:11:05 AM : INFO : Verifying Footwear Page
20/05/2026 01:11:05 AM : INFO : Opening Brands Filter
20/05/2026 01:11:10 AM : INFO : Selecting Adidas Sports
20/05/2026 01:11:15 AM : INFO : Adding First Product
20/05/2026 01:11:23 AM : INFO : Verifying Basket Count
20/05/2026 01:11:23 AM : ERROR : Screenshot saved: screenshots/test_positive_flow.png
20/05/2026 01:11:23 AM : INFO : Closing Browser
20/05/2026 01:16:20 AM : INFO : Browser Opened
20/05/2026 01:16:22 AM : INFO : URL Loaded
20/05/2026 01:16:22 AM : INFO : Opening BigBasket Website
20/05/2026 01:16:29 AM : INFO : Clicking Login Button
20/05/2026 01:16:32 AM : INFO : Entering Mobile Number
20/05/2026 01:16:35 AM : INFO : Clicking Continue Button
20/05/2026 01:16:36 AM : INFO : Waiting For OTP
20/05/2026 01:16:56 AM : INFO : Clicking Verify Button
20/05/2026 01:17:16 AM : INFO : Verifying Login Success
20/05/2026 01:17:16 AM : INFO : Clicking Shop By Category
20/05/2026 01:17:21 AM : INFO : Clicking Fashion
20/05/2026 01:17:26 AM : INFO : Clicking Footwear
20/05/2026 01:17:36 AM : INFO : Verifying Footwear Page
20/05/2026 01:17:36 AM : INFO : Opening Brands Filter
20/05/2026 01:17:41 AM : INFO : Selecting Adidas Sports
20/05/2026 01:17:46 AM : INFO : Adding First Product
20/05/2026 01:17:51 AM : INFO : Verifying Basket Count
20/05/2026 01:18:02 AM : ERROR : Screenshot saved: screenshots/test_positive_flow.png
20/05/2026 01:18:02 AM : INFO : Closing Browser
20/05/2026 01:20:14 AM : INFO : Browser Opened
20/05/2026 01:20:17 AM : INFO : URL Loaded
20/05/2026 01:20:17 AM : INFO : Opening BigBasket Website
20/05/2026 01:20:23 AM : INFO : Clicking Login Button
20/05/2026 01:20:27 AM : INFO : Entering Mobile Number
20/05/2026 01:20:30 AM : INFO : Clicking Continue Button
20/05/2026 01:20:30 AM : INFO : Waiting For OTP
20/05/2026 01:20:50 AM : INFO : Clicking Verify Button
20/05/2026 01:21:10 AM : INFO : Verifying Login Success
20/05/2026 01:21:10 AM : INFO : Clicking Shop By Category
20/05/2026 01:21:15 AM : INFO : Clicking Fashion
20/05/2026 01:21:20 AM : INFO : Clicking Footwear
20/05/2026 01:21:30 AM : INFO : Verifying Footwear Page
20/05/2026 01:21:30 AM : INFO : Opening Brands Filter
20/05/2026 01:21:35 AM : INFO : Selecting Adidas Sports
20/05/2026 01:21:40 AM : INFO : Adding First Product
20/05/2026 01:21:45 AM : INFO : Verifying Basket Count
20/05/2026 01:21:56 AM : ERROR : Screenshot saved: screenshots/test_positive_flow.png
20/05/2026 01:21:56 AM : INFO : Closing Browser
20/05/2026 01:26:01 AM : INFO : Browser Opened
20/05/2026 01:26:04 AM : INFO : URL Loaded
20/05/2026 01:26:04 AM : INFO : Opening BigBasket Website
20/05/2026 01:26:10 AM : INFO : Clicking Login Button
20/05/2026 01:26:14 AM : INFO : Entering Mobile Number
20/05/2026 01:26:17 AM : INFO : Clicking Continue Button
20/05/2026 01:26:17 AM : INFO : Waiting For OTP
20/05/2026 01:26:37 AM : INFO : Clicking Verify Button
20/05/2026 01:26:57 AM : INFO : Verifying Login Success
20/05/2026 01:26:57 AM : INFO : Clicking Shop By Category
20/05/2026 01:27:02 AM : INFO : Clicking Fashion
20/05/2026 01:27:07 AM : INFO : Clicking Footwear
20/05/2026 01:27:17 AM : INFO : Verifying Footwear Page
20/05/2026 01:27:17 AM : INFO : Opening Brands Filter
20/05/2026 01:27:22 AM : INFO : Selecting Adidas Sports
20/05/2026 01:27:28 AM : INFO : Adding First Product
20/05/2026 01:27:41 AM : ERROR : Screenshot saved: screenshots/test_positive_flow.png
20/05/2026 01:27:41 AM : INFO : Closing Browser
20/05/2026 01:28:50 AM : INFO : Browser Opened
20/05/2026 01:28:53 AM : INFO : URL Loaded
20/05/2026 01:28:53 AM : INFO : Opening BigBasket Website
20/05/2026 01:28:59 AM : INFO : Clicking Login Button
20/05/2026 01:29:03 AM : INFO : Entering Mobile Number
20/05/2026 01:29:06 AM : INFO : Clicking Continue Button
20/05/2026 01:29:06 AM : INFO : Waiting For OTP
20/05/2026 01:29:26 AM : INFO : Clicking Verify Button
20/05/2026 01:29:51 AM : INFO : Clicking Shop By Category
20/05/2026 01:29:56 AM : INFO : Clicking Fashion
20/05/2026 01:30:01 AM : INFO : Clicking Footwear
20/05/2026 01:30:11 AM : INFO : Opening Brands Filter
20/05/2026 01:30:16 AM : INFO : Selecting Adidas Sports
20/05/2026 01:30:21 AM : INFO : Adding First Product
20/05/2026 01:30:30 AM : INFO : Scrolling Half Page
20/05/2026 01:30:35 AM : INFO : Selecting Action Checkbox
20/05/2026 01:30:45 AM : INFO : Adding Second Product
20/05/2026 01:30:53 AM : INFO : Opening Basket
20/05/2026 01:30:59 AM : INFO : Incrementing Product Quantity
20/05/2026 01:31:04 AM : INFO : Proceeding To Checkout
20/05/2026 01:31:14 AM : INFO : Test Case Passed Successfully
20/05/2026 01:31:14 AM : INFO : Closing Browser
20/05/2026 01:35:23 AM : INFO : Browser Opened
20/05/2026 01:35:26 AM : INFO : URL Loaded
20/05/2026 01:35:26 AM : INFO : Opening BigBasket Website
20/05/2026 01:35:33 AM : INFO : Clicking Login Button
20/05/2026 01:35:36 AM : INFO : Entering Mobile Number
20/05/2026 01:35:39 AM : INFO : Clicking Continue Button
20/05/2026 01:35:40 AM : INFO : Waiting For OTP
20/05/2026 01:36:00 AM : INFO : Clicking Verify Button
20/05/2026 01:36:25 AM : INFO : Clicking Shop By Category
20/05/2026 01:36:30 AM : INFO : Clicking Fashion
20/05/2026 01:36:35 AM : INFO : Clicking Footwear
20/05/2026 01:36:45 AM : INFO : Opening Brands Filter
20/05/2026 01:36:50 AM : INFO : Selecting Adidas Sports
20/05/2026 01:36:55 AM : INFO : Adding First Product
20/05/2026 01:37:03 AM : INFO : Scrolling Half Page
20/05/2026 01:37:08 AM : INFO : Selecting Action Checkbox
20/05/2026 01:37:18 AM : INFO : Adding Second Product
20/05/2026 01:37:26 AM : INFO : Opening Basket
20/05/2026 01:37:33 AM : INFO : Incrementing Product Quantity
20/05/2026 01:37:38 AM : INFO : Proceeding To Checkout
20/05/2026 01:37:48 AM : INFO : Test Case Passed Successfully
20/05/2026 01:37:48 AM : INFO : Closing Browser
20/05/2026 09:48:28 AM : INFO : Browser Opened
20/05/2026 09:48:30 AM : INFO : URL Loaded
20/05/2026 09:48:30 AM : INFO : Opening BigBasket Website
20/05/2026 09:48:36 AM : INFO : Clicking Login Button
20/05/2026 09:48:40 AM : INFO : Entering Mobile Number
20/05/2026 09:48:43 AM : INFO : Clicking Continue Button
20/05/2026 09:48:43 AM : INFO : Waiting For OTP
20/05/2026 09:49:03 AM : INFO : Clicking Verify Button
20/05/2026 09:49:23 AM : INFO : Verifying Login Success
20/05/2026 09:49:23 AM : INFO : Clicking Shop By Category
20/05/2026 09:49:28 AM : INFO : Clicking Fashion
20/05/2026 09:49:33 AM : INFO : Clicking Footwear
20/05/2026 09:49:43 AM : INFO : Verifying Footwear Page
20/05/2026 09:49:43 AM : INFO : Opening Brands Filter
20/05/2026 09:49:48 AM : INFO : Selecting Adidas Sports
20/05/2026 09:49:53 AM : INFO : Adding First Product
20/05/2026 09:49:54 AM : ERROR : Screenshot saved: screenshots/test_positive_flow.png
20/05/2026 09:49:54 AM : INFO : Closing Browser
20/05/2026 09:51:10 AM : INFO : Browser Opened
20/05/2026 09:51:13 AM : INFO : URL Loaded
20/05/2026 09:51:13 AM : INFO : Opening BigBasket Website
20/05/2026 09:51:14 AM : INFO : Clicking Login Button
20/05/2026 09:51:14 AM : INFO : Entering Mobile Number
20/05/2026 09:51:14 AM : INFO : Clicking Continue Button
20/05/2026 09:51:15 AM : INFO : Waiting for OTP manually
20/05/2026 09:51:35 AM : INFO : Clicking Verify Button
20/05/2026 09:51:35 AM : ERROR : Screenshot saved: screenshots/test_positive_flow.png
20/05/2026 09:51:35 AM : INFO : Closing Browser
20/05/2026 09:52:43 AM : INFO : Browser Opened
20/05/2026 09:52:46 AM : INFO : URL Loaded
20/05/2026 09:52:46 AM : INFO : Opening BigBasket Website
20/05/2026 09:52:47 AM : INFO : Clicking Login Button
20/05/2026 09:52:47 AM : INFO : Entering Mobile Number
20/05/2026 09:52:47 AM : INFO : Clicking Continue Button
20/05/2026 09:52:48 AM : INFO : Waiting for OTP manually
20/05/2026 09:53:08 AM : INFO : Clicking Verify / Continue Button (FIXED)
20/05/2026 09:53:08 AM : INFO : Opening Shop By Category
20/05/2026 09:53:08 AM : INFO : Clicking Fashion
20/05/2026 09:53:08 AM : INFO : Clicking Footwear
20/05/2026 09:53:09 AM : ERROR : Screenshot saved: screenshots/test_positive_flow.png
20/05/2026 09:53:09 AM : INFO : Closing Browser
20/05/2026 09:56:19 AM : INFO : Browser Opened
20/05/2026 09:56:22 AM : INFO : URL Loaded
20/05/2026 09:56:22 AM : INFO : Opening BigBasket Website
20/05/2026 09:56:28 AM : INFO : Clicking Login Button
20/05/2026 09:56:31 AM : INFO : Entering Mobile Number
20/05/2026 09:56:34 AM : INFO : Clicking Continue Button
20/05/2026 09:56:35 AM : INFO : Waiting For OTP
20/05/2026 09:56:55 AM : INFO : Clicking Verify Button
20/05/2026 09:57:20 AM : INFO : Clicking Shop By Category
20/05/2026 09:57:25 AM : INFO : Clicking Fashion
20/05/2026 09:57:30 AM : INFO : Clicking Footwear
20/05/2026 09:57:40 AM : INFO : Opening Brands Filter
20/05/2026 09:57:45 AM : INFO : Selecting Adidas Sports
20/05/2026 09:57:50 AM : INFO : Adding First Product
20/05/2026 09:57:58 AM : INFO : Scrolling Half Page
20/05/2026 09:58:03 AM : INFO : Selecting Action Checkbox
20/05/2026 09:58:13 AM : INFO : Adding Second Product
20/05/2026 09:58:21 AM : INFO : Opening Basket
20/05/2026 09:58:27 AM : INFO : Closing Browser
20/05/2026 10:01:39 AM : INFO : Browser Opened
20/05/2026 10:01:42 AM : INFO : URL Loaded
20/05/2026 10:01:42 AM : INFO : Opening BigBasket Website
20/05/2026 10:01:48 AM : INFO : Clicking Login Button
20/05/2026 10:01:52 AM : INFO : Entering Mobile Number
20/05/2026 10:01:55 AM : INFO : Clicking Continue Button
20/05/2026 10:01:55 AM : INFO : Waiting For OTP
20/05/2026 10:02:15 AM : INFO : Clicking Verify Button
20/05/2026 10:02:40 AM : INFO : Clicking Shop By Category
20/05/2026 10:02:45 AM : INFO : Clicking Fashion
20/05/2026 10:02:50 AM : INFO : Clicking Footwear
20/05/2026 10:03:00 AM : INFO : Opening Brands Filter
20/05/2026 10:03:05 AM : INFO : Selecting Adidas Sports
20/05/2026 10:03:11 AM : INFO : Adding First Product
20/05/2026 10:03:19 AM : INFO : Scrolling Half Page
20/05/2026 10:03:24 AM : INFO : Selecting Action Checkbox
20/05/2026 10:03:34 AM : INFO : Adding Second Product
20/05/2026 10:03:42 AM : INFO : Opening Basket
20/05/2026 10:03:47 AM : INFO : Closing Browser
20/05/2026 10:14:07 AM : INFO : Browser Opened
20/05/2026 10:14:10 AM : INFO : URL Loaded
20/05/2026 10:14:10 AM : INFO : Opening BigBasket Website
20/05/2026 10:14:17 AM : INFO : Clicking Login Button
20/05/2026 10:14:20 AM : INFO : Entering Invalid Mobile Number
20/05/2026 10:14:23 AM : INFO : Checking Continue Button Disabled
20/05/2026 10:14:23 AM : INFO : Closing Browser
20/05/2026 10:24:30 AM : INFO : Browser Opened
20/05/2026 10:24:33 AM : INFO : URL Loaded
20/05/2026 10:24:33 AM : INFO : Reading Excel Data
20/05/2026 10:24:33 AM : ERROR : Screenshot saved: screenshots/test_invalid_otp.png
20/05/2026 10:24:33 AM : INFO : Closing Browser
20/05/2026 10:24:36 AM : INFO : Browser Opened
20/05/2026 10:24:40 AM : INFO : URL Loaded
20/05/2026 10:24:40 AM : INFO : Opening BigBasket Website
20/05/2026 10:24:48 AM : INFO : Clicking Login Button
20/05/2026 10:24:51 AM : INFO : Entering Invalid Mobile Number
20/05/2026 10:24:54 AM : INFO : Checking Continue Button Disabled
20/05/2026 10:24:54 AM : INFO : Closing Browser
20/05/2026 10:26:31 AM : INFO : Browser Opened
20/05/2026 10:26:33 AM : INFO : URL Loaded
20/05/2026 10:26:33 AM : INFO : Reading Excel Data
20/05/2026 10:26:34 AM : ERROR : Screenshot saved: screenshots/test_invalid_otp.png
20/05/2026 10:26:34 AM : INFO : Closing Browser
20/05/2026 10:26:37 AM : INFO : Browser Opened
20/05/2026 10:26:40 AM : INFO : URL Loaded
20/05/2026 10:26:40 AM : INFO : Opening BigBasket Website
20/05/2026 10:26:47 AM : INFO : Clicking Login Button
20/05/2026 10:26:51 AM : INFO : Entering Invalid Mobile Number
20/05/2026 10:26:54 AM : INFO : Checking Continue Button Disabled
20/05/2026 10:26:54 AM : INFO : Closing Browser
20/05/2026 10:31:46 AM : INFO : Browser Opened
20/05/2026 10:31:48 AM : INFO : URL Loaded
20/05/2026 10:31:48 AM : INFO : Reading CSV Data
20/05/2026 10:31:48 AM : INFO : Opening BigBasket Website
20/05/2026 10:31:57 AM : INFO : Clicking Login Button
20/05/2026 10:32:00 AM : INFO : Entering Mobile Number
20/05/2026 10:32:03 AM : INFO : Clicking Continue Button
20/05/2026 10:32:08 AM : INFO : Enter Invalid OTP Manually
20/05/2026 10:32:23 AM : INFO : Clicking Verify & Continue
20/05/2026 10:32:28 AM : INFO : Screenshot saved at: reports\screenshots\invalid_otp_20260520_103228.png
20/05/2026 10:32:28 AM : INFO : Invalid OTP Screenshot Captured
20/05/2026 10:32:29 AM : ERROR : Screenshot saved: screenshots/test_invalid_otp.png
20/05/2026 10:32:29 AM : INFO : Closing Browser
20/05/2026 10:32:32 AM : INFO : Browser Opened
20/05/2026 10:32:34 AM : INFO : URL Loaded
20/05/2026 10:32:34 AM : INFO : Opening BigBasket Website
20/05/2026 10:32:41 AM : INFO : Clicking Login Button
20/05/2026 10:32:44 AM : INFO : Entering Invalid Mobile Number
20/05/2026 10:32:47 AM : INFO : Checking Continue Button Disabled
20/05/2026 10:32:47 AM : INFO : Closing Browser
20/05/2026 10:39:18 AM : INFO : Browser Opened
20/05/2026 10:39:20 AM : INFO : URL Loaded
20/05/2026 10:39:20 AM : INFO : Reading CSV Data
20/05/2026 10:39:20 AM : INFO : Opening BigBasket Website
20/05/2026 10:39:27 AM : INFO : Clicking Login Button
20/05/2026 10:39:30 AM : INFO : Entering Mobile Number
20/05/2026 10:39:33 AM : INFO : Clicking Continue Button
20/05/2026 10:39:38 AM : INFO : Enter Invalid OTP Manually
20/05/2026 10:39:53 AM : INFO : Clicking Verify & Continue
20/05/2026 10:39:59 AM : INFO : Screenshot saved at: reports\screenshots\invalid_otp_20260520_103959.png
20/05/2026 10:39:59 AM : INFO : Screenshot Captured for Invalid OTP
20/05/2026 10:39:59 AM : ERROR : Screenshot saved: screenshots/test_invalid_otp.png
20/05/2026 10:39:59 AM : INFO : Closing Browser
20/05/2026 10:40:02 AM : INFO : Browser Opened
20/05/2026 10:40:05 AM : INFO : URL Loaded
20/05/2026 10:40:05 AM : INFO : Opening BigBasket Website
20/05/2026 10:40:11 AM : INFO : Clicking Login Button
20/05/2026 10:40:14 AM : INFO : Entering Invalid Mobile Number
20/05/2026 10:40:17 AM : INFO : Checking Continue Button Disabled
20/05/2026 10:40:18 AM : INFO : Closing Browser
20/05/2026 10:42:18 AM : INFO : Browser Opened
20/05/2026 10:42:21 AM : INFO : URL Loaded
20/05/2026 10:42:21 AM : INFO : Reading CSV Data
20/05/2026 10:42:21 AM : INFO : Opening BigBasket Website
20/05/2026 10:42:27 AM : INFO : Clicking Login Button
20/05/2026 10:42:30 AM : INFO : Entering Mobile Number
20/05/2026 10:42:33 AM : INFO : Clicking Continue Button
20/05/2026 10:42:39 AM : INFO : Enter Invalid OTP Manually
20/05/2026 10:42:54 AM : INFO : Clicking Verify & Continue
20/05/2026 10:42:59 AM : INFO : Screenshot saved at: reports\screenshots\invalid_otp_20260520_104259.png
20/05/2026 10:42:59 AM : INFO : Screenshot Captured for Invalid OTP
20/05/2026 10:42:59 AM : INFO : Invalid OTP Test Passed
20/05/2026 10:42:59 AM : INFO : Closing Browser
20/05/2026 10:43:02 AM : INFO : Browser Opened
20/05/2026 10:43:04 AM : INFO : URL Loaded
20/05/2026 10:43:04 AM : INFO : Opening BigBasket Website
20/05/2026 10:43:10 AM : INFO : Clicking Login Button
20/05/2026 10:43:14 AM : INFO : Entering Invalid Mobile Number
20/05/2026 10:43:17 AM : INFO : Checking Continue Button Disabled
20/05/2026 10:43:17 AM : INFO : Closing Browser
20/05/2026 10:47:55 AM : INFO : Browser Opened
20/05/2026 10:47:58 AM : INFO : URL Loaded
20/05/2026 10:47:58 AM : INFO : Opening BigBasket Website
20/05/2026 10:48:04 AM : INFO : Clicking Login Button
20/05/2026 10:48:08 AM : INFO : Entering Mobile Number
20/05/2026 10:48:11 AM : INFO : Clicking Continue Button
20/05/2026 10:48:11 AM : INFO : Waiting For OTP
20/05/2026 10:48:31 AM : INFO : Clicking Verify Button
20/05/2026 10:48:41 AM : INFO : Closing Browser
20/05/2026 10:48:44 AM : INFO : Browser Opened
20/05/2026 10:48:47 AM : INFO : URL Loaded
20/05/2026 10:49:09 AM : ERROR : Screenshot saved: screenshots/test_navigation.png
20/05/2026 10:49:09 AM : INFO : Closing Browser
20/05/2026 10:49:12 AM : INFO : Browser Opened
20/05/2026 10:49:14 AM : INFO : URL Loaded
20/05/2026 10:49:37 AM : ERROR : Screenshot saved: screenshots/test_add_first_product.png
20/05/2026 10:49:37 AM : INFO : Closing Browser
20/05/2026 10:49:40 AM : INFO : Browser Opened
20/05/2026 10:49:42 AM : INFO : URL Loaded
20/05/2026 10:50:04 AM : ERROR : Screenshot saved: screenshots/test_add_second_product_and_basket.png
20/05/2026 10:50:04 AM : INFO : Closing Browser
20/05/2026 10:54:04 AM : INFO : Browser Opened
20/05/2026 10:54:07 AM : INFO : URL Loaded
20/05/2026 10:54:07 AM : INFO : Opening BigBasket Website
20/05/2026 10:54:13 AM : INFO : Clicking Login Button
20/05/2026 10:54:17 AM : INFO : Entering Mobile Number
20/05/2026 10:54:20 AM : INFO : Clicking Continue Button
20/05/2026 10:54:20 AM : INFO : Waiting For OTP
20/05/2026 10:54:40 AM : INFO : Clicking Verify Button
20/05/2026 10:55:05 AM : INFO : Clicking Shop By Category
20/05/2026 10:55:10 AM : INFO : Clicking Fashion
20/05/2026 10:55:15 AM : INFO : Clicking Footwear
20/05/2026 10:55:25 AM : INFO : Opening Brands Filter
20/05/2026 10:55:30 AM : INFO : Selecting Adidas Sports
20/05/2026 10:55:35 AM : INFO : Adding First Product
20/05/2026 10:55:43 AM : INFO : Scrolling Half Page
20/05/2026 10:55:48 AM : INFO : Selecting Action Checkbox
20/05/2026 10:55:59 AM : INFO : Adding Second Product
20/05/2026 10:56:07 AM : INFO : Opening Basket
20/05/2026 10:56:13 AM : INFO : Closing Browser
20/05/2026 11:08:09 AM : INFO : Browser Opened
20/05/2026 11:08:12 AM : INFO : URL Loaded
20/05/2026 11:08:12 AM : INFO : Opening BigBasket Website
20/05/2026 11:08:19 AM : INFO : Clicking Login Button
20/05/2026 11:08:22 AM : INFO : Entering Mobile Number
20/05/2026 11:08:26 AM : INFO : Clicking Continue Button
20/05/2026 11:08:26 AM : INFO : Waiting For OTP
20/05/2026 11:08:46 AM : INFO : Clicking Verify Button
20/05/2026 11:08:56 AM : INFO : Closing Browser
20/05/2026 11:08:59 AM : INFO : Browser Opened
20/05/2026 11:09:02 AM : INFO : URL Loaded
20/05/2026 11:09:25 AM : ERROR : Screenshot saved: screenshots/test_navigation.png
20/05/2026 11:09:25 AM : INFO : Closing Browser
20/05/2026 11:09:28 AM : INFO : Browser Opened
20/05/2026 11:09:31 AM : INFO : URL Loaded
20/05/2026 11:09:56 AM : ERROR : Screenshot saved: screenshots/test_add_first_product.png
20/05/2026 11:09:56 AM : INFO : Closing Browser
20/05/2026 11:10:00 AM : INFO : Browser Opened
20/05/2026 11:10:01 AM : INFO : URL Loaded
20/05/2026 11:10:04 AM : INFO : Closing Browser
20/05/2026 11:14:00 AM : INFO : Browser Opened
20/05/2026 11:14:03 AM : INFO : URL Loaded
20/05/2026 11:14:03 AM : INFO : Opening BigBasket Website
20/05/2026 11:14:10 AM : INFO : Clicking Login Button
20/05/2026 11:14:13 AM : INFO : Entering Mobile Number
20/05/2026 11:14:16 AM : INFO : Clicking Continue Button
20/05/2026 11:14:16 AM : INFO : Waiting For OTP
20/05/2026 11:14:36 AM : INFO : Clicking Verify Button
20/05/2026 11:14:46 AM : INFO : Clicking Shop By Category
20/05/2026 11:14:51 AM : INFO : Clicking Fashion
20/05/2026 11:14:56 AM : INFO : Clicking Footwear
20/05/2026 11:15:01 AM : INFO : Opening Brands Filter
20/05/2026 11:15:02 AM : INFO : Selecting Adidas Sports
20/05/2026 11:15:02 AM : INFO : Adding First Product
20/05/2026 11:15:03 AM : ERROR : Screenshot saved: screenshots/test_login.png
20/05/2026 11:15:03 AM : INFO : Closing Browser
20/05/2026 11:16:46 AM : INFO : Browser Opened
20/05/2026 11:16:48 AM : INFO : URL Loaded
20/05/2026 11:16:48 AM : INFO : Opening BigBasket Website
20/05/2026 11:16:50 AM : INFO : Clicking Login Button
20/05/2026 11:16:51 AM : INFO : Entering Mobile Number
20/05/2026 11:16:51 AM : INFO : Clicking Continue Button
20/05/2026 11:16:51 AM : INFO : Waiting For OTP
20/05/2026 11:17:11 AM : INFO : Clicking Verify Button
20/05/2026 11:17:11 AM : INFO : Navigating to Fashion
20/05/2026 11:17:27 AM : ERROR : Screenshot saved: screenshots/test_login.png
20/05/2026 11:17:27 AM : INFO : Closing Browser
20/05/2026 11:20:42 AM : INFO : Browser Opened
20/05/2026 11:20:45 AM : INFO : URL Loaded
20/05/2026 11:20:45 AM : INFO : Opening BigBasket Website
20/05/2026 11:20:48 AM : INFO : Clicking Login Button
20/05/2026 11:20:51 AM : ERROR : Screenshot saved: screenshots/test_login.png
20/05/2026 11:20:51 AM : INFO : Closing Browser
20/05/2026 11:22:33 AM : INFO : Browser Opened
20/05/2026 11:22:36 AM : INFO : URL Loaded
20/05/2026 11:22:36 AM : INFO : Opening BigBasket Website
20/05/2026 11:22:44 AM : INFO : Clicking Login Button
20/05/2026 11:22:50 AM : INFO : Entering Mobile Number
20/05/2026 11:22:51 AM : INFO : Clicking Continue
20/05/2026 11:22:51 AM : INFO : Waiting OTP
20/05/2026 11:23:11 AM : INFO : Clicking Verify
20/05/2026 11:23:11 AM : INFO : Navigating Fashion
20/05/2026 11:23:38 AM : ERROR : Screenshot saved: screenshots/test_login.png
20/05/2026 11:23:38 AM : INFO : Closing Browser
20/05/2026 11:24:28 AM : INFO : Browser Opened
20/05/2026 11:24:30 AM : INFO : URL Loaded
20/05/2026 11:25:19 AM : ERROR : Screenshot saved: screenshots/test_login.png
20/05/2026 11:25:19 AM : INFO : Closing Browser
20/05/2026 11:26:09 AM : INFO : Browser Opened
20/05/2026 11:26:12 AM : INFO : URL Loaded
20/05/2026 11:26:37 AM : INFO : Closing Browser
20/05/2026 11:31:21 AM : INFO : Browser Opened
20/05/2026 11:31:53 AM : INFO : URL Loaded
20/05/2026 11:31:53 AM : INFO : Opening BigBasket Website
20/05/2026 11:32:00 AM : INFO : Clicking Login Button
20/05/2026 11:32:04 AM : INFO : Entering Mobile Number
20/05/2026 11:32:07 AM : INFO : Clicking Continue Button
20/05/2026 11:32:07 AM : INFO : Waiting For OTP
20/05/2026 11:32:27 AM : INFO : Clicking Verify Button
20/05/2026 11:32:52 AM : INFO : Clicking Shop By Category
20/05/2026 11:32:57 AM : INFO : Clicking Fashion
20/05/2026 11:33:02 AM : INFO : Clicking Footwear
20/05/2026 11:33:12 AM : INFO : Opening Brands Filter
20/05/2026 11:33:17 AM : INFO : Selecting Adidas Sports
20/05/2026 11:33:23 AM : INFO : Adding First Product
20/05/2026 11:33:31 AM : INFO : Scrolling Half Page
20/05/2026 11:33:36 AM : INFO : Selecting Action Checkbox
20/05/2026 11:33:46 AM : INFO : Adding Second Product
20/05/2026 11:33:54 AM : INFO : Opening Basket
20/05/2026 11:34:00 AM : INFO : Incrementing Product Quantity
20/05/2026 11:34:05 AM : INFO : Proceeding To Checkout
20/05/2026 11:34:15 AM : INFO : Test Case Passed Successfully
20/05/2026 11:34:15 AM : INFO : Closing Browser
20/05/2026 12:04:41 PM : INFO : Browser Opened
20/05/2026 12:04:44 PM : INFO : URL Loaded
20/05/2026 12:04:45 PM : INFO : Screenshot saved at: reports\screenshots\step1_homepage_20260520_120445.png
20/05/2026 12:05:06 PM : ERROR : Screenshot saved: screenshots/test_login.png
20/05/2026 12:05:06 PM : INFO : Closing Browser
20/05/2026 12:05:48 PM : INFO : Browser Opened
20/05/2026 12:05:51 PM : INFO : URL Loaded
20/05/2026 12:06:17 PM : INFO : Closing Browser
20/05/2026 12:08:18 PM : INFO : Browser Opened
20/05/2026 12:08:20 PM : INFO : URL Loaded
20/05/2026 12:08:20 PM : INFO : Reading CSV Data
20/05/2026 12:08:20 PM : INFO : Opening BigBasket Website
20/05/2026 12:08:26 PM : INFO : Clicking Login Button
20/05/2026 12:08:29 PM : INFO : Entering Mobile Number
20/05/2026 12:08:33 PM : INFO : Clicking Continue Button
20/05/2026 12:08:38 PM : INFO : Enter Invalid OTP Manually
20/05/2026 12:08:53 PM : INFO : Clicking Verify & Continue
20/05/2026 12:08:58 PM : INFO : Screenshot saved at: reports\screenshots\invalid_otp_20260520_120858.png
20/05/2026 12:08:58 PM : INFO : Screenshot Captured for Invalid OTP
20/05/2026 12:08:58 PM : INFO : Invalid OTP Test Passed
20/05/2026 12:08:58 PM : INFO : Closing Browser
20/05/2026 12:09:01 PM : INFO : Browser Opened
20/05/2026 12:09:04 PM : INFO : URL Loaded
20/05/2026 12:09:04 PM : INFO : Opening BigBasket Website
20/05/2026 12:09:10 PM : INFO : Clicking Login Button
20/05/2026 12:09:14 PM : INFO : Entering Invalid Mobile Number
20/05/2026 12:09:17 PM : INFO : Checking Continue Button Disabled
20/05/2026 12:09:17 PM : INFO : Closing Browser
20/05/2026 12:18:45 PM : INFO : Reading CSV Data
20/05/2026 12:18:45 PM : INFO : Opening BigBasket Website
20/05/2026 12:18:53 PM : INFO : Clicking Login Button
20/05/2026 12:18:56 PM : INFO : Entering Mobile Number
20/05/2026 12:18:59 PM : INFO : Clicking Continue Button
20/05/2026 12:19:04 PM : INFO : Enter Invalid OTP Manually
20/05/2026 12:19:19 PM : INFO : Clicking Verify & Continue
20/05/2026 12:19:25 PM : INFO : Screenshot saved at: reports/screenshots/invalid_otp_20260520_121924.png
20/05/2026 12:19:25 PM : INFO : Screenshot Captured for Invalid OTP
20/05/2026 12:19:35 PM : INFO : Invalid OTP Test Passed
20/05/2026 12:19:38 PM : INFO : Opening BigBasket Website
20/05/2026 12:19:45 PM : INFO : Clicking Login Button
20/05/2026 12:19:49 PM : INFO : Entering Invalid Mobile Number
20/05/2026 12:19:52 PM : INFO : Checking Continue Button Disabled
20/05/2026 12:25:44 PM : INFO : Opening BigBasket Website
20/05/2026 12:25:51 PM : INFO : Clicking Login Button
20/05/2026 12:25:55 PM : INFO : Entering Mobile Number
20/05/2026 12:25:58 PM : INFO : Clicking Continue Button
20/05/2026 12:25:58 PM : INFO : Waiting For OTP
20/05/2026 12:26:18 PM : INFO : Clicking Verify Button
20/05/2026 12:26:43 PM : INFO : Clicking Shop By Category
20/05/2026 12:26:48 PM : INFO : Clicking Fashion
20/05/2026 12:26:53 PM : INFO : Clicking Footwear
20/05/2026 12:27:03 PM : INFO : Opening Brands Filter
20/05/2026 12:27:08 PM : INFO : Selecting Adidas Sports
20/05/2026 12:27:13 PM : INFO : Adding First Product
20/05/2026 12:27:21 PM : INFO : Scrolling Half Page
20/05/2026 12:27:26 PM : INFO : Selecting Action Checkbox
20/05/2026 12:27:37 PM : INFO : Adding Second Product
20/05/2026 12:27:45 PM : INFO : Opening Basket
20/05/2026 12:47:40 PM : INFO : Reading CSV Data
20/05/2026 12:47:40 PM : INFO : Opening BigBasket Website
20/05/2026 12:47:48 PM : INFO : Clicking Login Button
20/05/2026 12:47:51 PM : INFO : Entering Mobile Number
20/05/2026 12:47:55 PM : INFO : Clicking Continue Button
20/05/2026 12:48:00 PM : INFO : Enter Invalid OTP Manually
20/05/2026 12:48:15 PM : INFO : Clicking Verify & Continue
20/05/2026 12:48:20 PM : INFO : Screenshot saved at: reports/screenshots/invalid_otp_20260520_124820.png
20/05/2026 12:48:20 PM : INFO : Screenshot Captured for Invalid OTP
20/05/2026 12:48:30 PM : INFO : Invalid OTP Test Passed
20/05/2026 12:48:33 PM : INFO : Opening BigBasket Website
20/05/2026 12:48:40 PM : INFO : Clicking Login Button
20/05/2026 12:48:44 PM : INFO : Entering Invalid Mobile Number
20/05/2026 12:48:47 PM : INFO : Checking Continue Button Disabled
20/05/2026 12:55:06 PM : INFO : Opening BigBasket Website
20/05/2026 12:55:13 PM : INFO : Clicking Login Button
20/05/2026 12:55:17 PM : INFO : Entering Mobile Number
20/05/2026 12:55:20 PM : INFO : Clicking Continue Button
20/05/2026 12:55:20 PM : INFO : Waiting For OTP
20/05/2026 12:55:40 PM : INFO : Clicking Verify Button
20/05/2026 12:56:05 PM : INFO : Clicking Shop By Category
20/05/2026 12:56:51 PM : INFO : Opening BigBasket Website
20/05/2026 12:56:58 PM : INFO : Clicking Login Button
20/05/2026 12:57:02 PM : INFO : Entering Mobile Number
20/05/2026 12:57:05 PM : INFO : Clicking Continue Button
20/05/2026 12:57:05 PM : INFO : Waiting For OTP
20/05/2026 12:57:25 PM : INFO : Clicking Verify Button
20/05/2026 12:57:50 PM : INFO : Clicking Shop By Category
20/05/2026 12:59:04 PM : INFO : Opening BigBasket Website
20/05/2026 12:59:14 PM : INFO : Clicking Login Button
20/05/2026 12:59:17 PM : INFO : Entering Mobile Number
20/05/2026 12:59:20 PM : INFO : Clicking Continue Button
20/05/2026 12:59:20 PM : INFO : Waiting For OTP
20/05/2026 12:59:40 PM : INFO : Clicking Verify Button
20/05/2026 01:00:05 PM : INFO : Clicking Shop By Category
20/05/2026 01:00:10 PM : INFO : Clicking Fashion
20/05/2026 01:00:15 PM : INFO : Clicking Footwear
20/05/2026 01:00:25 PM : INFO : Opening Brands Filter
20/05/2026 01:00:30 PM : INFO : Selecting Adidas Sports
20/05/2026 01:00:36 PM : INFO : Adding First Product
20/05/2026 01:00:44 PM : INFO : Scrolling Half Page
20/05/2026 01:00:49 PM : INFO : Selecting Action Checkbox
20/05/2026 01:00:59 PM : INFO : Adding Second Product
20/05/2026 01:01:07 PM : INFO : Opening Basket
20/05/2026 01:01:13 PM : INFO : Incrementing Product Quantity
20/05/2026 01:01:18 PM : INFO : Proceeding To Checkout
20/05/2026 01:01:28 PM : INFO : Test Case Passed Successfully
20/05/2026 01:03:24 PM : INFO : Opening BigBasket Website
20/05/2026 01:03:31 PM : INFO : Clicking Login Button
20/05/2026 01:03:35 PM : INFO : Entering Mobile Number
20/05/2026 01:03:38 PM : INFO : Clicking Continue Button
20/05/2026 01:03:38 PM : INFO : Waiting For OTP
20/05/2026 01:03:58 PM : INFO : Clicking Verify Button
20/05/2026 01:04:23 PM : INFO : Clicking Shop By Category
20/05/2026 01:04:28 PM : INFO : Clicking Fashion
20/05/2026 01:04:33 PM : INFO : Clicking Footwear
20/05/2026 01:04:43 PM : INFO : Opening Brands Filter
20/05/2026 01:04:48 PM : INFO : Selecting Adidas Sports
20/05/2026 01:04:53 PM : INFO : Adding First Product
20/05/2026 01:05:01 PM : INFO : Scrolling Half Page
20/05/2026 01:05:06 PM : INFO : Selecting Action Checkbox
20/05/2026 01:05:17 PM : INFO : Adding Second Product
20/05/2026 01:05:25 PM : INFO : Opening Basket
20/05/2026 01:05:30 PM : INFO : Incrementing Product Quantity
20/05/2026 01:05:35 PM : INFO : Proceeding To Checkout
20/05/2026 01:05:45 PM : INFO : Test Case Passed Successfully
20/05/2026 01:16:24 PM : INFO : Reading CSV Data
20/05/2026 01:16:24 PM : INFO : Opening BigBasket Website
20/05/2026 01:16:30 PM : INFO : Clicking Login Button
20/05/2026 01:16:34 PM : INFO : Entering Mobile Number
20/05/2026 01:16:37 PM : INFO : Clicking Continue Button
20/05/2026 01:16:42 PM : INFO : Enter Invalid OTP Manually
20/05/2026 01:16:57 PM : INFO : Clicking Verify & Continue
20/05/2026 01:17:02 PM : INFO : Screenshot saved at: reports/screenshots/invalid_otp_20260520_131702.png
20/05/2026 01:17:02 PM : INFO : Screenshot Captured for Invalid OTP
20/05/2026 01:17:12 PM : INFO : Invalid OTP Test Passed
20/05/2026 01:17:16 PM : INFO : Opening BigBasket Website
20/05/2026 01:17:24 PM : INFO : Clicking Login Button
20/05/2026 01:17:28 PM : INFO : Entering Invalid Mobile Number
20/05/2026 01:17:31 PM : INFO : Checking Continue Button Disabled
20/05/2026 01:18:29 PM : INFO : Reading CSV Data
20/05/2026 01:18:29 PM : INFO : Opening BigBasket Website
20/05/2026 01:18:35 PM : INFO : Clicking Login Button
20/05/2026 01:18:39 PM : INFO : Entering Mobile Number
20/05/2026 01:18:42 PM : INFO : Clicking Continue Button
20/05/2026 01:18:47 PM : INFO : Enter Invalid OTP Manually
20/05/2026 01:19:02 PM : INFO : Clicking Verify & Continue
20/05/2026 01:19:08 PM : INFO : Screenshot saved at: reports/screenshots/invalid_otp_20260520_131908.png
20/05/2026 01:19:08 PM : INFO : Screenshot Captured for Invalid OTP
20/05/2026 01:19:18 PM : INFO : Invalid OTP Test Passed
20/05/2026 01:19:21 PM : INFO : Opening BigBasket Website
20/05/2026 01:19:30 PM : INFO : Clicking Login Button
20/05/2026 01:19:33 PM : INFO : Entering Invalid Mobile Number
20/05/2026 01:19:37 PM : INFO : Checking Continue Button Disabled
20/05/2026 01:22:16 PM : INFO : Reading CSV Data
20/05/2026 01:22:16 PM : INFO : Opening BigBasket Website
20/05/2026 01:22:24 PM : INFO : Clicking Login Button
20/05/2026 01:22:28 PM : INFO : Entering Mobile Number
20/05/2026 01:22:31 PM : INFO : Clicking Continue Button
20/05/2026 01:22:36 PM : INFO : Enter Invalid OTP Manually
20/05/2026 01:22:51 PM : INFO : Clicking Verify & Continue
20/05/2026 01:22:56 PM : INFO : Screenshot saved at: reports/screenshots/invalid_otp_20260520_132256.png
20/05/2026 01:22:56 PM : INFO : Screenshot Captured for Invalid OTP
20/05/2026 01:23:01 PM : INFO : Invalid OTP Test Passed
20/05/2026 01:23:04 PM : INFO : Opening BigBasket Website
20/05/2026 01:23:11 PM : INFO : Clicking Login Button
20/05/2026 01:23:22 PM : INFO : Reading CSV Data
20/05/2026 01:23:22 PM : INFO : Opening BigBasket Website
20/05/2026 01:23:30 PM : INFO : Clicking Login Button
20/05/2026 01:23:34 PM : INFO : Entering Mobile Number
20/05/2026 01:23:37 PM : INFO : Clicking Continue Button
20/05/2026 01:23:42 PM : INFO : Enter Invalid OTP Manually
20/05/2026 01:23:57 PM : INFO : Clicking Verify & Continue
20/05/2026 01:24:02 PM : INFO : Screenshot saved at: reports/screenshots/invalid_otp_20260520_132402.png
20/05/2026 01:24:02 PM : INFO : Screenshot Captured for Invalid OTP
20/05/2026 01:24:12 PM : INFO : Invalid OTP Test Passed
20/05/2026 01:24:16 PM : INFO : Opening BigBasket Website
20/05/2026 01:24:24 PM : INFO : Clicking Login Button
20/05/2026 01:24:27 PM : INFO : Entering Invalid Mobile Number
20/05/2026 01:24:30 PM : INFO : Checking Continue Button Disabled
20/05/2026 01:26:27 PM : INFO : Reading CSV Data
20/05/2026 01:26:27 PM : INFO : Opening BigBasket Website
20/05/2026 01:26:33 PM : INFO : Clicking Login Button
20/05/2026 01:26:37 PM : INFO : Entering Mobile Number
20/05/2026 01:26:40 PM : INFO : Clicking Continue Button
20/05/2026 01:26:45 PM : INFO : Enter Invalid OTP Manually
20/05/2026 01:27:00 PM : INFO : Clicking Verify & Continue
20/05/2026 01:27:06 PM : INFO : Screenshot saved at: reports/screenshots/invalid_otp_20260520_132705.png
20/05/2026 01:27:06 PM : INFO : Screenshot Captured for Invalid OTP
20/05/2026 01:27:16 PM : INFO : Invalid OTP Test Passed
20/05/2026 01:27:19 PM : INFO : Opening BigBasket Website
20/05/2026 01:27:57 PM : INFO : Clicking Login Button
20/05/2026 01:28:01 PM : INFO : Entering Invalid Mobile Number
20/05/2026 01:28:04 PM : INFO : Checking Continue Button Disabled
20/05/2026 02:23:35 PM : INFO : Opening BigBasket
20/05/2026 02:23:42 PM : INFO : Clicking Login
20/05/2026 02:23:46 PM : INFO : Entering Mobile Number
20/05/2026 02:23:48 PM : INFO : Click Continue
20/05/2026 02:23:48 PM : INFO : Waiting For OTP
20/05/2026 02:24:08 PM : INFO : Click Verify
20/05/2026 02:24:21 PM : INFO : Opening BigBasket
20/05/2026 02:24:29 PM : INFO : Clicking Login
20/05/2026 02:24:32 PM : INFO : Entering Mobile Number
20/05/2026 02:24:34 PM : INFO : Click Continue
20/05/2026 02:24:34 PM : INFO : Waiting For OTP
20/05/2026 02:24:54 PM : INFO : Click Verify
20/05/2026 02:25:04 PM : INFO : Opening Footwear Page Directly
20/05/2026 02:25:17 PM : INFO : Opening BigBasket
20/05/2026 02:25:25 PM : INFO : Clicking Login
20/05/2026 02:25:28 PM : INFO : Entering Mobile Number
20/05/2026 02:25:30 PM : INFO : Click Continue
20/05/2026 02:25:30 PM : INFO : Waiting For OTP
20/05/2026 02:25:50 PM : INFO : Click Verify
20/05/2026 02:26:00 PM : INFO : Opening Footwear Page
20/05/2026 02:26:09 PM : INFO : Click Brands Filter
20/05/2026 02:26:14 PM : INFO : Select Adidas
20/05/2026 02:26:37 PM : INFO : Opening BigBasket
20/05/2026 02:26:45 PM : INFO : Clicking Login
20/05/2026 02:26:48 PM : INFO : Entering Mobile Number
20/05/2026 02:26:50 PM : INFO : Click Continue
20/05/2026 02:26:50 PM : INFO : Waiting For OTP
20/05/2026 02:27:10 PM : INFO : Click Verify
20/05/2026 02:27:20 PM : INFO : Opening Footwear Page
20/05/2026 02:27:29 PM : INFO : Select Brand
20/05/2026 02:28:08 PM : INFO : Opening BigBasket Website
20/05/2026 02:28:15 PM : INFO : Clicking Login Button
20/05/2026 02:28:18 PM : INFO : Entering Mobile Number
20/05/2026 02:28:22 PM : INFO : Clicking Continue Button
20/05/2026 02:28:22 PM : INFO : Waiting For OTP
20/05/2026 02:28:42 PM : INFO : Clicking Verify Button
20/05/2026 02:29:07 PM : INFO : Clicking Shop By Category
20/05/2026 02:32:12 PM : INFO : Opening Website
20/05/2026 02:32:20 PM : INFO : Click Login
20/05/2026 02:32:24 PM : INFO : Enter Mobile
20/05/2026 02:34:26 PM : INFO : Opening BigBasket Website
20/05/2026 02:34:33 PM : INFO : Clicking Login Button
20/05/2026 02:34:37 PM : INFO : Entering Mobile Number
20/05/2026 02:34:40 PM : INFO : Clicking Continue Button
20/05/2026 02:34:40 PM : INFO : Waiting For OTP
20/05/2026 02:35:00 PM : INFO : Clicking Verify Button
20/05/2026 02:35:25 PM : INFO : Clicking Shop By Category
20/05/2026 02:35:30 PM : INFO : Clicking Fashion
20/05/2026 02:35:35 PM : INFO : Clicking Footwear
20/05/2026 02:35:45 PM : INFO : Opening Brands Filter
20/05/2026 02:35:50 PM : INFO : Selecting Adidas Sports
20/05/2026 02:35:55 PM : INFO : Adding First Product
20/05/2026 02:36:04 PM : INFO : Scrolling Half Page
20/05/2026 02:36:09 PM : INFO : Selecting Action Checkbox
20/05/2026 02:36:19 PM : INFO : Adding Second Product
20/05/2026 02:36:27 PM : INFO : Opening Basket
20/05/2026 02:36:32 PM : INFO : Incrementing Product Quantity
20/05/2026 02:36:37 PM : INFO : Proceeding To Checkout
20/05/2026 02:36:48 PM : INFO : Test Case Passed Successfully
20/05/2026 02:41:43 PM : INFO : Opening BigBasket Website
20/05/2026 02:41:50 PM : INFO : Clicking Login Button
20/05/2026 02:41:54 PM : INFO : Entering Mobile Number
20/05/2026 02:41:57 PM : INFO : Clicking Continue Button
20/05/2026 02:41:57 PM : INFO : Waiting For OTP
20/05/2026 02:42:17 PM : INFO : Clicking Verify Button
20/05/2026 02:42:42 PM : INFO : Clicking Shop By Category
20/05/2026 02:42:47 PM : INFO : Clicking Fashion
20/05/2026 02:42:52 PM : INFO : Clicking Footwear
20/05/2026 02:43:02 PM : INFO : Opening Brands Filter
20/05/2026 02:43:07 PM : INFO : Selecting Adidas Sports
20/05/2026 02:43:12 PM : INFO : Adding First Product
20/05/2026 02:43:20 PM : INFO : Scrolling Half Page
20/05/2026 02:43:25 PM : INFO : Selecting Action Checkbox
20/05/2026 02:43:36 PM : INFO : Adding Second Product
20/05/2026 02:43:44 PM : INFO : Opening Basket
20/05/2026 02:43:50 PM : INFO : Incrementing Product Quantity
20/05/2026 02:43:55 PM : INFO : Proceeding To Checkout
20/05/2026 02:44:05 PM : INFO : Test Case Passed Successfully
20/05/2026 02:45:45 PM : INFO : Opening BigBasket Website
20/05/2026 02:45:52 PM : INFO : Clicking Login Button
20/05/2026 02:45:56 PM : INFO : Entering Mobile Number
20/05/2026 02:45:59 PM : INFO : Clicking Continue Button
20/05/2026 02:45:59 PM : INFO : Waiting For OTP
20/05/2026 02:46:19 PM : INFO : Clicking Verify Button
20/05/2026 02:46:44 PM : INFO : Clicking Shop By Category
20/05/2026 02:46:49 PM : INFO : Clicking Fashion
20/05/2026 02:46:54 PM : INFO : Clicking Footwear
20/05/2026 02:47:04 PM : INFO : Opening Brands Filter
20/05/2026 02:47:09 PM : INFO : Selecting Adidas Sports
20/05/2026 02:47:14 PM : INFO : Adding First Product
20/05/2026 02:47:22 PM : INFO : Scrolling Half Page
20/05/2026 02:47:28 PM : INFO : Selecting Action Checkbox
20/05/2026 02:47:38 PM : INFO : Adding Second Product
20/05/2026 02:47:46 PM : INFO : Opening Basket
20/05/2026 02:51:52 PM : INFO : Opening BigBasket Website
20/05/2026 02:52:00 PM : INFO : Clicking Login Button
20/05/2026 02:52:04 PM : INFO : Entering Mobile Number
20/05/2026 02:52:07 PM : INFO : Clicking Continue Button
20/05/2026 02:52:07 PM : INFO : Waiting For OTP
20/05/2026 02:52:27 PM : INFO : Clicking Verify Button
20/05/2026 02:52:52 PM : INFO : Opening Footwear Page
20/05/2026 02:53:04 PM : INFO : Opening Brands Filter
20/05/2026 02:53:09 PM : INFO : Selecting Adidas Sports
20/05/2026 02:53:14 PM : INFO : Adding First Product
20/05/2026 02:53:22 PM : INFO : Scrolling Half Page
20/05/2026 02:53:27 PM : INFO : Selecting Action Checkbox
20/05/2026 02:53:38 PM : INFO : Adding Second Product
20/05/2026 02:53:46 PM : INFO : Opening Basket
20/05/2026 03:23:30 PM : INFO : Opening BigBasket Website
20/05/2026 03:23:38 PM : INFO : Clicking Login Button
20/05/2026 03:23:41 PM : INFO : Entering Mobile Number
20/05/2026 03:23:44 PM : INFO : Clicking Continue Button
20/05/2026 03:23:44 PM : INFO : Waiting For OTP
20/05/2026 03:24:04 PM : INFO : Clicking Verify Button
20/05/2026 03:24:30 PM : INFO : Clicking Shop By Category
20/05/2026 03:24:35 PM : INFO : Clicking Fashion
20/05/2026 03:24:40 PM : INFO : Clicking Footwear
20/05/2026 03:24:50 PM : INFO : Opening Brands Filter
20/05/2026 03:24:55 PM : INFO : Selecting Adidas Sports
20/05/2026 03:25:00 PM : INFO : Adding First Product
20/05/2026 03:25:08 PM : INFO : Scrolling Half Page
20/05/2026 03:25:13 PM : INFO : Selecting Action Checkbox
20/05/2026 03:25:23 PM : INFO : Adding Second Product
20/05/2026 03:25:32 PM : INFO : Opening Basket
20/05/2026 03:25:38 PM : INFO : Incrementing Product Quantity
20/05/2026 03:25:43 PM : INFO : Proceeding To Checkout
20/05/2026 03:25:53 PM : INFO : Test Case Passed Successfully
20/05/2026 03:55:05 PM : INFO : Opening BigBasket Website
20/05/2026 03:55:12 PM : INFO : Clicking Login Button
20/05/2026 03:55:15 PM : INFO : Entering Mobile Number
20/05/2026 03:55:19 PM : INFO : Clicking Continue Button
20/05/2026 03:55:19 PM : INFO : Waiting For OTP
20/05/2026 03:55:39 PM : INFO : Clicking Verify Button
20/05/2026 03:56:04 PM : INFO : Clicking Shop By Category
20/05/2026 03:56:09 PM : INFO : Clicking Fashion
20/05/2026 03:56:14 PM : INFO : Clicking Footwear
20/05/2026 03:56:24 PM : INFO : Opening Brands Filter
20/05/2026 03:56:29 PM : INFO : Selecting Adidas Sports
20/05/2026 03:56:34 PM : INFO : Adding First Product
20/05/2026 03:56:42 PM : INFO : Scrolling Half Page
20/05/2026 03:56:47 PM : INFO : Selecting Action Checkbox
20/05/2026 03:56:57 PM : INFO : Adding Second Product
20/05/2026 03:57:05 PM : INFO : Opening Basket
20/05/2026 03:57:11 PM : INFO : Incrementing Product Quantity
20/05/2026 03:57:21 PM : INFO : Proceeding To Checkout
20/05/2026 03:57:31 PM : INFO : Test Case Passed Successfully
20/05/2026 03:59:11 PM : INFO : Reading CSV Data
20/05/2026 03:59:11 PM : INFO : Opening BigBasket Website
20/05/2026 03:59:19 PM : INFO : Clicking Login Button
20/05/2026 03:59:22 PM : INFO : Entering Mobile Number
20/05/2026 03:59:25 PM : INFO : Clicking Continue Button
20/05/2026 03:59:30 PM : INFO : Enter Invalid OTP Manually
20/05/2026 03:59:45 PM : INFO : Clicking Verify & Continue
20/05/2026 03:59:50 PM : INFO : Screenshot saved at: reports/screenshots/invalid_otp_20260520_155950.png
20/05/2026 03:59:50 PM : INFO : Screenshot Captured for Invalid OTP
20/05/2026 04:00:00 PM : INFO : Invalid OTP Test Passed
20/05/2026 04:00:04 PM : INFO : Opening BigBasket Website
20/05/2026 04:00:11 PM : INFO : Clicking Login Button
20/05/2026 04:00:15 PM : INFO : Entering Invalid Mobile Number
20/05/2026 04:00:18 PM : INFO : Checking Continue Button Disabled
20/05/2026 04:00:47 PM : INFO : Reading CSV Data
20/05/2026 04:00:47 PM : INFO : Opening BigBasket Website
20/05/2026 04:00:55 PM : INFO : Clicking Login Button
20/05/2026 04:00:58 PM : INFO : Entering Mobile Number
20/05/2026 04:01:01 PM : INFO : Clicking Continue Button
20/05/2026 04:01:06 PM : INFO : Enter Invalid OTP Manually
20/05/2026 04:01:21 PM : INFO : Clicking Verify & Continue
20/05/2026 04:01:27 PM : INFO : Screenshot saved at: reports/screenshots/invalid_otp_20260520_160127.png
20/05/2026 04:01:27 PM : INFO : Screenshot Captured for Invalid OTP
20/05/2026 04:01:37 PM : INFO : Invalid OTP Test Passed
20/05/2026 04:01:40 PM : INFO : Opening BigBasket Website
20/05/2026 04:01:46 PM : INFO : Clicking Login Button
20/05/2026 04:01:49 PM : INFO : Entering Invalid Mobile Number
20/05/2026 04:01:52 PM : INFO : Checking Continue Button Disabled
20/05/2026 04:17:55 PM : INFO : Reading CSV Data
20/05/2026 04:17:55 PM : INFO : Opening BigBasket Website
20/05/2026 04:18:14 PM : INFO : Clicking Login Button
20/05/2026 04:18:26 PM : INFO : Opening BigBasket Website
20/05/2026 04:18:33 PM : INFO : Clicking Login Button
20/05/2026 04:18:36 PM : INFO : Entering Mobile Number
20/05/2026 04:18:40 PM : INFO : Clicking Continue Button
20/05/2026 04:18:40 PM : INFO : Waiting For OTP
20/05/2026 04:19:00 PM : INFO : Clicking Verify Button
20/05/2026 04:19:25 PM : INFO : Clicking Shop By Category
20/05/2026 04:19:30 PM : INFO : Clicking Fashion
20/05/2026 04:19:35 PM : INFO : Clicking Footwear
20/05/2026 04:19:45 PM : INFO : Opening Brands Filter
20/05/2026 04:19:50 PM : INFO : Selecting Adidas Sports
20/05/2026 04:19:55 PM : INFO : Adding First Product
20/05/2026 04:20:03 PM : INFO : Scrolling Half Page
20/05/2026 04:20:08 PM : INFO : Selecting Action Checkbox
20/05/2026 04:20:18 PM : INFO : Adding Second Product
20/05/2026 04:20:26 PM : INFO : Opening Basket
20/05/2026 04:20:32 PM : INFO : Incrementing Product Quantity
20/05/2026 04:20:37 PM : INFO : Proceeding To Checkout
20/05/2026 04:20:47 PM : INFO : Test Case Passed Successfully
20/05/2026 04:25:04 PM : INFO : Opening BigBasket Website
20/05/2026 04:25:12 PM : INFO : Clicking Login Button
20/05/2026 04:25:15 PM : INFO : Entering Mobile Number
20/05/2026 04:25:18 PM : INFO : Clicking Continue Button
20/05/2026 04:25:18 PM : INFO : Waiting For OTP
20/05/2026 04:25:38 PM : INFO : Clicking Verify Button
20/05/2026 04:26:03 PM : INFO : Clicking Shop By Category
20/05/2026 04:26:08 PM : INFO : Clicking Fashion
20/05/2026 04:26:13 PM : INFO : Clicking Footwear
20/05/2026 04:26:24 PM : INFO : Opening Brands Filter
20/05/2026 04:26:29 PM : INFO : Selecting Adidas Sports
20/05/2026 04:26:34 PM : INFO : Adding First Product
20/05/2026 04:26:42 PM : INFO : Scrolling Half Page
20/05/2026 04:26:47 PM : INFO : Selecting Action Checkbox
20/05/2026 04:26:57 PM : INFO : Adding Second Product
20/05/2026 04:27:05 PM : INFO : Opening Basket
20/05/2026 04:27:11 PM : INFO : Incrementing Product Quantity
20/05/2026 04:27:16 PM : INFO : Proceeding To Checkout
20/05/2026 04:27:26 PM : INFO : Test Case Passed Successfully
20/05/2026 04:30:47 PM : INFO : Reading CSV Data
20/05/2026 04:30:47 PM : INFO : Opening BigBasket Website
20/05/2026 04:30:55 PM : INFO : Clicking Login Button
20/05/2026 04:30:58 PM : INFO : Entering Mobile Number
20/05/2026 04:31:01 PM : INFO : Clicking Continue Button
20/05/2026 04:31:06 PM : INFO : Enter Invalid OTP Manually
20/05/2026 04:31:21 PM : INFO : Clicking Verify & Continue
20/05/2026 04:31:27 PM : INFO : Screenshot saved at: reports/screenshots/invalid_otp_20260520_163126.png
20/05/2026 04:31:27 PM : INFO : Screenshot Captured for Invalid OTP
20/05/2026 04:31:37 PM : INFO : Invalid OTP Test Passed
20/05/2026 04:31:40 PM : INFO : Opening BigBasket Website
20/05/2026 04:31:47 PM : INFO : Clicking Login Button
20/05/2026 04:31:50 PM : INFO : Entering Invalid Mobile Number
20/05/2026 04:31:53 PM : INFO : Checking Continue Button Disabled
